\BOOKMARK [1][-]{section.1}{Introduction}{}% 1
\BOOKMARK [1][-]{section.2}{Method}{}% 2
\BOOKMARK [2][-]{subsection.2.1}{Study\040Design\040and\040Measures}{section.2}% 3
\BOOKMARK [1][-]{section.3}{Results}{}% 4
\BOOKMARK [2][-]{subsection.3.1}{Apex\040corruption\040increases\040violent\040protests}{section.3}% 5
\BOOKMARK [2][-]{subsection.3.2}{Protest\040dynamics\040around\040apex\040corruption\040scandals}{section.3}% 6
\BOOKMARK [2][-]{subsection.3.3}{The\040protest\040response\040is\040specific\040to\040apex\040corruption}{section.3}% 7
\BOOKMARK [2][-]{subsection.3.4}{Heterogeneity\040by\040the\040level\040of\040democracy}{section.3}% 8
\BOOKMARK [2][-]{subsection.3.5}{Robustness}{section.3}% 9
\BOOKMARK [1][-]{section.4}{Discussion}{}% 10
\BOOKMARK [1][-]{appendix.A}{Randomization\040inference\040by\040apex-partition\040subsample}{}% 11
\BOOKMARK [1][-]{appendix.B}{Sensitivity\040to\040the\040event-window\040width}{}% 12
\BOOKMARK [1][-]{appendix.C}{Heterogeneity\040by\040democracy:\040tercile\040split}{}% 13
\BOOKMARK [1][-]{appendix.D}{Scandal\040classification}{}% 14
\BOOKMARK [1][-]{appendix.E}{Restricted\040subsamples:\040Presidential\040and\040Apex}{}% 15
\BOOKMARK [1][-]{appendix.F}{Regression-based\040hierarchy\040analysis}{}% 16
\BOOKMARK [1][-]{appendix.G}{Placebo\040test:\040an\040enumerated\040pre-scandal\040cutoff}{}% 17
\BOOKMARK [1][-]{appendix.H}{Modern\040staggered\040difference-in-differences\040estimators}{}% 18
\BOOKMARK [1][-]{appendix.I}{Pooled\040event\040studies\040at\040other\040window\040widths}{}% 19
\BOOKMARK [1][-]{appendix.J}{Event\040studies\040by\040subsample\040\(15-day\040bins\)}{}% 20
\BOOKMARK [1][-]{appendix.K}{Event\040studies\040with\04030-day\040bins}{}% 21
