\BOOKMARK [1][-]{section.1}{Introduction}{}% 1
\BOOKMARK [1][-]{section.2}{Method}{}% 2
\BOOKMARK [2][-]{subsection.2.1}{Study\040Design\040and\040Measures}{section.2}% 3
\BOOKMARK [1][-]{section.3}{Results}{}% 4
\BOOKMARK [2][-]{subsection.3.1}{Apex\040corruption\040increases\040violent\040protests}{section.3}% 5
\BOOKMARK [2][-]{subsection.3.2}{Protest\040dynamics\040around\040apex\040corruption\040scandals}{section.3}% 6
\BOOKMARK [2][-]{subsection.3.3}{Heterogeneity\040by\040political\040rank}{section.3}% 7
\BOOKMARK [1][-]{section.4}{Discussion}{}% 8
\BOOKMARK [1][-]{appendix.A}{Scandal\040classification}{}% 9
\BOOKMARK [1][-]{appendix.B}{Table\0401\040with\040Poisson\040QML\040incidence-rate\040ratios}{}% 10
\BOOKMARK [1][-]{appendix.C}{Pooled\040interaction:\040\(Pres\040+\040Other\040Apex\)\040vs.\040Other\040Non-Apex}{}% 11
\BOOKMARK [1][-]{appendix.D}{Table\0401\040restricted\040to\040Presidential\040scandals}{}% 12
\BOOKMARK [1][-]{appendix.E}{Table\0401\040restricted\040to\040Presidential\040and\040Other\040Apex\040scandals}{}% 13
\BOOKMARK [1][-]{appendix.F}{Placebo\040test:\040randomizing\040the\040scandal\040date\040within\040the\040event\040window}{}% 14
\BOOKMARK [1][-]{appendix.G}{Randomization\040inference}{}% 15
\BOOKMARK [1][-]{appendix.H}{Regression-based\040hierarchy\040analysis}{}% 16
\BOOKMARK [1][-]{appendix.I}{Sensitivity\040to\040the\040event-window\040width}{}% 17
\BOOKMARK [1][-]{appendix.J}{Event\040studies\040by\040apex-partition\040subsample}{}% 18
\BOOKMARK [1][-]{appendix.K}{Benchmarking\040against\040football\040losses\040and\040currency\040depreciations}{}% 19
\BOOKMARK [1][-]{appendix.L}{Heterogeneity\040by\040the\0402008\040level\040of\040democracy}{}% 20
\BOOKMARK [1][-]{appendix.M}{Modern\040staggered\040difference-in-differences\040estimators}{}% 21
