
  ___  ____  ____  ____  ____ ®
 /__    /   ____/   /   ____/      StataNow 19.5
___/   /   /___/   /   /___/       MP—Parallel Edition

 Statistics and Data Science       Copyright 1985-2025 StataCorp LLC
                                   StataCorp
                                   4905 Lakeway Drive
                                   College Station, Texas 77845 USA
                                   800-782-8272        https://www.stata.com
                                   979-696-4600        service@stata.com

Stata license: Unlimited-user 16-core network, expiring  2 Jul 2026
Serial number: 501909320077
  Licensed to: Roberto Gonzalez Tellez
               Stanford University GSB

Notes:
      1. Stata is running in batch mode.
      2. Unicode is supported; see help unicode_advice.
      3. More than 2 billion observations are allowed; see help obs_advice.
      4. Maximum number of variables is set to 5,000 but can be increased;
          see help set_maxvar.

. do b_merge_acled_mm.do 

. /* --------------------------------------------------------------------------
> --
>                                         Violent effects of apex corruption
> 
>         Code author: Roberto Gonzalez
>         Date: 2026-05-21
> 
>         Objective (protests_plan.md, Task 3):
>                 Build a balanced country-day panel for the MM vs ACLED agreem
> ent
>                 analysis.  Both sources are merged on (country, date); rows w
> here
>                 one is missing have its counts set to 0.
> 
>         Coverage:
>                 ACLED: 2018-01-01 to 2025-05-21 (53 LAC + US/Canada countries
> )
>                 MM   : 1990-01-01 to 2020-03-31 (clean_full_bydate; 160 count
> ries)
>                 Overlap: 2018-01-01 to 2020-03-31, ~53 countries.
> 
>         Output:
>                 ${work}/temp/MM_ACLED_panel_bydate.dta -- balanced country-da
> y grid
>                 over the 2018-01-01..2020-03-31 overlap, for the countries th
> at
>                 appear in both sources.  Variables:
>                     country, date, year,
>                     num_protests_MM   num_violent_MM   num_peaceful_MM
>                     num_protests_ACLED  num_violent_ACLED  num_peaceful_ACLED
>   num_gvr_ACLED
>                     protest_*  violent_*  peaceful_*  (>0 indicators)
> ---------------------------------------------------------------------------- 
> */
. 
. if "`c(username)'" == "rob98" {
.         global identity "~/Dropbox"
. }

. global work "${identity}/Corrupcion/Protest_Work"

. 
. /* ============================================================
>    List of countries in BOTH sources (for the overlap window)
>    ============================================================ */
. use country using "${work}/temp/ACLED/ACLEDclean_bydate.dta", clear

. duplicates drop

Duplicates in terms of all variables

(46,743 observations deleted)

. tempfile acled_countries

. save `acled_countries'
file C:\Users\rob98\AppData\Local\Temp\ST_65ac_000001.tmp saved as .dta
    format

. 
. use country using "${work}/temp/MM/MMclean_full_bydate.dta", clear

. duplicates drop

Duplicates in terms of all variables

(36,918 observations deleted)

. merge 1:1 country using `acled_countries', keep(3) nogen

    Result                      Number of obs
    -----------------------------------------
    Not matched                             0
    Matched                                24  
    -----------------------------------------

. display in yellow "=== countries in both ACLED and MM ==="
=== countries in both ACLED and MM ===

. count
  24

. list country, sep(0)

     +--------------------+
     |            country |
     |--------------------|
  1. |          Argentina |
  2. |            Bolivia |
  3. |             Brazil |
  4. |             Canada |
  5. |              Chile |
  6. |           Colombia |
  7. |         Costa Rica |
  8. |               Cuba |
  9. | Dominican Republic |
 10. |            Ecuador |
 11. |        El Salvador |
 12. |          Guatemala |
 13. |             Guyana |
 14. |              Haiti |
 15. |           Honduras |
 16. |            Jamaica |
 17. |             Mexico |
 18. |          Nicaragua |
 19. |             Panama |
 20. |           Paraguay |
 21. |               Peru |
 22. |           Suriname |
 23. |            Uruguay |
 24. |          Venezuela |
     +--------------------+

. tempfile both_countries

. save `both_countries'
file C:\Users\rob98\AppData\Local\Temp\ST_65ac_000002.tmp saved as .dta
    format

. 
. /* ============================================================
>    Balanced country-day grid over the 2018-2020 overlap window
>    ============================================================ */
. use `both_countries', clear

. local d_start = date("2018-01-01", "YMD")

. local d_end   = date("2020-03-31", "YMD")

. local nd      = `d_end' - `d_start' + 1

. expand `nd'
(19,680 observations created)

. bysort country: gen date = `d_start' + _n - 1

. format date %td

. gen year = year(date)

. 
. /* ============================================================
>    Merge ACLED counts (left join: zero-fill non-event days)
>    ============================================================ */
. merge 1:1 country date using "${work}/temp/ACLED/ACLEDclean_bydate.dta", ///
>         keep(1 3) nogen

    Result                      Number of obs
    -----------------------------------------
    Not matched                         8,785
        from master                     8,785  
        from using                          0  

    Matched                            10,919  
    -----------------------------------------

. 
. foreach v in num_protests_ACLED num_violent_ACLED num_peaceful_ACLED num_gvr_
> ACLED ///
>                 protest_ACLED violent_ACLED peaceful_ACLED gvr_ACLED {
  2.         replace `v' = 0 if missing(`v')
  3. }
(8,785 real changes made)
(8,785 real changes made)
(8,785 real changes made)
(8,785 real changes made)
(8,785 real changes made)
(8,785 real changes made)
(8,785 real changes made)
(8,785 real changes made)

. 
. /* ============================================================
>    Merge MM counts (left join: zero-fill non-event days)
>    ============================================================ */
. merge 1:1 country date using "${work}/temp/MM/MMclean_full_bydate.dta", ///
>         keep(1 3) nogen

    Result                      Number of obs
    -----------------------------------------
    Not matched                        19,328
        from master                    19,328  
        from using                          0  

    Matched                               376  
    -----------------------------------------

. 
. /* The MM file's outcome variable names are bare (`num_protests`,
>    `num_peaceful`, `num_violent`).  Rename with `_MM` suffix to mirror
>    the scandals dataset convention. */
. foreach v in num_protests num_peaceful num_violent {
  2.         rename `v' `v'_MM
  3.         replace `v'_MM = 0 if missing(`v'_MM)
  4. }
(19,328 real changes made)
(19,328 real changes made)
(19,328 real changes made)

. 
. /* >0 indicators for MM (parallel to ACLED) */
. gen byte protest_MM  = (num_protests_MM  > 0)

. gen byte violent_MM  = (num_violent_MM   > 0)

. gen byte peaceful_MM = (num_peaceful_MM  > 0)

. 
. label variable protest_MM  "Incidence of a protest (MM)"

. label variable violent_MM  "Incidence of a violent protest (MM)"

. label variable peaceful_MM "Incidence of a peaceful protest (MM)"

. 
. order country date year ///
>         num_protests_MM num_violent_MM num_peaceful_MM ///
>         num_protests_ACLED num_violent_ACLED num_peaceful_ACLED num_gvr_ACLED
>  ///
>         protest_MM violent_MM peaceful_MM ///
>         protest_ACLED violent_ACLED peaceful_ACLED gvr_ACLED

. compress
  variable date was float now int
  variable year was float now int
  variable num_protests_MM was double now byte
  variable num_violent_MM was double now byte
  variable num_peaceful_MM was double now byte
  variable country was str44 now str18
  (1,004,904 bytes saved)

. 
. di as result "=== MM x ACLED balanced panel: coverage ==="
=== MM x ACLED balanced panel: coverage ===

. count
  19,704

. quietly levelsof country

. di "Countries: " r(r)
Countries: 24

. summarize date, format

    Variable |        Obs        Mean    Std. dev.       Min        Max
-------------+---------------------------------------------------------
        date |     19,704   15feb2019    237.0081  01jan2018  31mar2020

. 
. di as result "=== Outcome means (country-day) ==="
=== Outcome means (country-day) ===

. summarize num_protests_MM num_violent_MM num_peaceful_MM ///
>         num_protests_ACLED num_violent_ACLED num_peaceful_ACLED num_gvr_ACLED

    Variable |        Obs        Mean    Std. dev.       Min        Max
-------------+---------------------------------------------------------
num_protes~M |     19,704    .0195899    .1422048          0          2
num_violen~M |     19,704    .0056841    .0751805          0          1
num_peacef~M |     19,704    .0139058    .1188241          0          2
num_protes~D |     19,704    2.632917    10.73198          0        551
num_violen~D |     19,704    .4627487    1.746549          0         61
-------------+---------------------------------------------------------
num_peacef~D |     19,704    2.078816    9.896933          0        544
num_gvr_AC~D |     19,704    .0188794    .2251705          0         13

. 
. save "${work}/temp/MM_ACLED_panel_bydate.dta", replace
(file
    C:\Users\rob98/Dropbox/Corrupcion/Protest_Work/temp/MM_ACLED_panel_bydate
    > .dta not found)
file ~/Dropbox/Corrupcion/Protest_Work/temp/MM_ACLED_panel_bydate.dta saved

. display in green "b_merge_acled_mm.do finished OK"
b_merge_acled_mm.do finished OK

. 
end of do-file
