
  ___  ____  ____  ____  ____ ®
 /__    /   ____/   /   ____/      StataNow 19.5
___/   /   /___/   /   /___/       MP—Parallel Edition

 Statistics and Data Science       Copyright 1985-2025 StataCorp LLC
                                   StataCorp
                                   4905 Lakeway Drive
                                   College Station, Texas 77845 USA
                                   800-782-8272        https://www.stata.com
                                   979-696-4600        service@stata.com

Stata license: Unlimited-user 16-core network, expiring  2 Jul 2026
Serial number: 501909320077
  Licensed to: Roberto Gonzalez Tellez
               Stanford University GSB

Notes:
      1. Stata is running in batch mode.
      2. Unicode is supported; see help unicode_advice.
      3. More than 2 billion observations are allowed; see help obs_advice.
      4. Maximum number of variables is set to 5,000 but can be increased;
          see help set_maxvar.

. do b_panel_country_day.do 

. /* --------------------------------------------------------------------------
> --
>                                         Violent effects of apex corruption
> 
>         Code author: Roberto Gonzalez
>         Date: 2026-05-21
> 
>         Objective (protests_plan.md, Task 2):
>                 Build a *balanced* country x calendar-date panel covering the
>  full
>                 Mass Mobilization period for the 23 LAC countries that appear
>  in
>                 MM.  Merge:
>                   - MM daily counts and >0 indicators (any/violent/peaceful/g
> vr)
>                   - ACLED daily counts (parallel four outcomes; coverage 2018
> -2025)
>                   - Scandal metadata at the country-date level (scandal_today
> ,
>                     scandal_id, scandal_official_type, scandal_position,
>                     scandal_incumbent), and a derived `days_since_first_scand
> al`.
> 
>                 Output two files for downstream DiD work (Task 1 - dCDH/BJS/S
> A):
>                   - ${datfin}/panel_country_day.dta   (daily)
>                   - ${datfin}/panel_country_week.dta  (weekly aggregation)
> 
>         Schema (daily; weekly identical up to time aggregation):
>                 country country_id  date  week_start  year  month  dow
>                 mm_protests mm_violent mm_nonviolent mm_gvr
>                 mm_protest mm_violent_ind mm_nonviolent_ind mm_gvr_ind   (>0)
>                 acled_protests acled_violent acled_nonviolent acled_gvr
>                 acled_protest acled_violent_ind ...                       (>0
> )
>                 acled_coverage   (1 if date in ACLED coverage window)
>                 scandal_today  scandal_id  scandal_official_type
>                 scandal_position  scandal_incumbent
>                 days_since_first_scandal
> ---------------------------------------------------------------------------- 
> */
. 
. if "`c(username)'" == "lalov" {
.         gl identity "C:\Users\lalov\ITAM Seira Research Dropbox\Eduardo River
> a"
. }

. if "`c(username)'" == "Rob_9" {
.         global identity "C:/Users/Rob_9/Dropbox"
. }

. if "`c(username)'" == "rob98" {
.         global identity "~/Dropbox"
. }

. 
. global work   "${identity}/Corrupcion/Protest_Work"

. global path   "${identity}/Corrupcion/WORKING FOLDER/Event Study - Scandals"

. global datfin "${path}/Data/final"

. 
. /* ============================================================
>    1.  Aggregate MM events per (country, date) within LAC
>    ============================================================ */
. use country date protest peaceful_protest violent_protest ///
>         violence_against_peacefulprot lac ///
>         using "${work}/temp/MM/MMclean_full.dta", clear

. keep if lac == 1
(30,047 observations deleted)

. collapse (sum) mm_protests   = protest ///
>         mm_nonviolent = peaceful_protest ///
>         mm_violent    = violent_protest ///
>         mm_gvr        = violence_against_peacefulprot, ///
>         by(country date)

. tempfile mm_daily

. save `mm_daily'
file C:\Users\rob98\AppData\Local\Temp\ST_88c0_000001.tmp saved as .dta
    format

. 
. di as result "=== MM LAC events aggregated to country-date ==="
=== MM LAC events aggregated to country-date ===

. count
  9,116

. quietly levelsof country

. di "LAC countries in MM: " r(r)
LAC countries in MM: 23

. 
. /* ============================================================
>    2.  Balanced country x date grid (LAC universe, full MM window)
>    ============================================================ */
. preserve

.         use `mm_daily', clear

.         keep country

.         duplicates drop

Duplicates in terms of all variables

(9,093 observations deleted)

.         tempfile lac_countries

.         save `lac_countries'
file C:\Users\rob98\AppData\Local\Temp\ST_88c0_000003.tmp saved as .dta
    format

. restore

. 
. use `lac_countries', clear

. local d_start = mdy(1, 1, 1990)

. local d_end   = mdy(3, 31, 2020)

. local nd      = `d_end' - `d_start' + 1

. display in yellow "Grid: " _N " countries x `nd' days = " _N*`nd' " rows"
Grid: 23 countries x 11048 days = 254104 rows

. expand `nd'
(254,081 observations created)

. bysort country: gen date = `d_start' + _n - 1

. format date %td

. 
. /* ============================================================
>    3.  Merge MM aggregates (zero-fill non-event days)
>    ============================================================ */
. merge 1:1 country date using `mm_daily', keep(1 3) nogen

    Result                      Number of obs
    -----------------------------------------
    Not matched                       244,988
        from master                   244,988  
        from using                          0  

    Matched                             9,116  
    -----------------------------------------

. foreach v in mm_protests mm_violent mm_nonviolent mm_gvr {
  2.         replace `v' = 0 if missing(`v')
  3.         label variable `v' "MM: number of `v' on the day"
  4. }
(244,988 real changes made)
(244,988 real changes made)
(244,988 real changes made)
(244,988 real changes made)

. foreach v in mm_protests mm_violent mm_nonviolent mm_gvr {
  2.         gen byte `v'_ind = (`v' > 0)
  3. }

. 
. /* ============================================================
>    4.  Merge ACLED daily counts (zero-fill outside 2018-2025)
>    ============================================================ */
. merge 1:1 country date using "${work}/temp/ACLED/ACLEDclean_bydate.dta", keep
> (1 3) nogen

    Result                      Number of obs
    -----------------------------------------
    Not matched                       243,185
        from master                   243,185  
        from using                          0  

    Matched                            10,919  
    -----------------------------------------

. 
. /* Coverage flag: 1 if date is in the ACLED extract window for that country *
> /
. gen byte acled_coverage = (date >= mdy(1,1,2018) & date <= mdy(5,21,2025))

. 
. /* Rename to match the panel convention; zero-fill */
. rename num_protests_ACLED  acled_protests

. rename num_violent_ACLED   acled_violent

. rename num_peaceful_ACLED  acled_nonviolent

. rename num_gvr_ACLED       acled_gvr

. foreach v in acled_protests acled_violent acled_nonviolent acled_gvr {
  2.         replace `v' = 0 if missing(`v')
  3.         gen byte `v'_ind = (`v' > 0)
  4. }
(243,185 real changes made)
(243,185 real changes made)
(243,185 real changes made)
(243,185 real changes made)

. /* drop the old ACLED >0 indicators that came in with names protest_ACLED etc
>  */
. capture drop protest_ACLED violent_ACLED peaceful_ACLED gvr_ACLED

. 
. /* Outside ACLED coverage window, set ACLED counts to .  not 0
>    (so we can distinguish "ACLED searched and found 0" from "no ACLED data") 
> */
. foreach v in acled_protests acled_violent acled_nonviolent acled_gvr {
  2.         replace `v' = . if acled_coverage == 0
  3.         replace `v'_ind = . if acled_coverage == 0
  4. }
(235,221 real changes made, 235,221 to missing)
(235,221 real changes made, 235,221 to missing)
(235,221 real changes made, 235,221 to missing)
(235,221 real changes made, 235,221 to missing)
(235,221 real changes made, 235,221 to missing)
(235,221 real changes made, 235,221 to missing)
(235,221 real changes made, 235,221 to missing)
(235,221 real changes made, 235,221 to missing)

. 
. /* ============================================================
>    5.  Scandal metadata (one country-date row per scandal where it broke)
>    ============================================================ */
. preserve

.         /* Get scandal-level metadata: id, country, scandal_date, official_in
> volved
>            (from add_catvar dataset) + position + political_affiliation (from
>  CSV) */
.         use id country date official_involved ///
>                 using "${datfin}/protests_scandals_30days_v3_with_lv_of_agent
> _involved.dta", clear

.         bysort id country: keep if _n == 1   /* one row per scandal */
(45,841 observations deleted)

.         /* The dataset stores window-row date; the "scandal date" is the one 
> where
>            window == 0, which is what tag_id==1 gives in the source.  Use the
>            `date` carried on that row. */
.         tempfile scandals_meta

.         save `scandals_meta'
file C:\Users\rob98\AppData\Local\Temp\ST_88c0_000005.tmp saved as .dta
    format

. restore

. preserve

.         /* Take scandals_classified.csv for position + political_affiliation 
> */
.         import delimited using "${datfin}/scandals_classified.csv", ///
>                 clear varnames(1) bindquotes(strict)
(encoding automatically selected: UTF-8)
(7 vars, 186 obs)

.         keep id country position political_affiliation

.         tempfile cls

.         save `cls'
file C:\Users\rob98\AppData\Local\Temp\ST_88c0_000007.tmp saved as .dta
    format

. restore

. 
. preserve

.         use `scandals_meta', clear

.         rename date scandal_date

.         format scandal_date %td

.         merge 1:1 id country using `cls', keep(1 3) nogen

    Result                      Number of obs
    -----------------------------------------
    Not matched                             4
        from master                         4  
        from using                          0  

    Matched                               186  
    -----------------------------------------

.         rename position scandal_position

.         rename political_affiliation scandal_political_affiliation

.         rename official_involved scandal_official_type

.         rename id scandal_id

.         tempfile sc

.         save `sc'
file C:\Users\rob98\AppData\Local\Temp\ST_88c0_000009.tmp saved as .dta
    format

. restore

. 
. /* Merge scandals onto the panel by (country, date).  Multiple scandals
>    could in principle break on the same country-date; rare but possible -
>    use joinby and then collapse to a max-one-row-per (country, date)
>    representation, keeping scandal_id as a list when there's a tie. */
. preserve

.         use `sc', clear

.         rename scandal_date date

.         bysort country date: keep if _n == 1     /* drop ties; almost never h
> appens */
(0 observations deleted)

.         tempfile sc1

.         save `sc1'
file C:\Users\rob98\AppData\Local\Temp\ST_88c0_00000b.tmp saved as .dta
    format

. restore

. 
. merge m:1 country date using `sc1', keep(1 3) nogen

    Result                      Number of obs
    -----------------------------------------
    Not matched                       253,916
        from master                   253,916  
        from using                          0  

    Matched                               188  
    -----------------------------------------

. gen byte scandal_today = !missing(scandal_id)

. 
. /* days_since_first_scandal: per country, days since min(scandal_date) */
. preserve

.         use `sc', clear

.         collapse (min) first_scandal_date = scandal_date, by(country)

.         tempfile firsts

.         save `firsts'
file C:\Users\rob98\AppData\Local\Temp\ST_88c0_00000d.tmp saved as .dta
    format

. restore

. merge m:1 country using `firsts', keep(1 3) nogen

    Result                      Number of obs
    -----------------------------------------
    Not matched                        66,288
        from master                    66,288  
        from using                          0  

    Matched                           187,816  
    -----------------------------------------

. gen long days_since_first_scandal = date - first_scandal_date
(66,288 missing values generated)

. label variable days_since_first_scandal ///
>         "Days since this country's first scandal (negative = before)"

. 
. /* ============================================================
>    6.  Calendar variables
>    ============================================================ */
. gen int  year       = year(date)

. gen byte month      = month(date)

. gen byte dow        = dow(date)              /* 0=Sun .. 6=Sat */

. /* Monday-anchored week_start (2010-01-04 was a Monday) */
. gen int  week_start = date - mod(date - mdy(1,4,2010), 7)

. format week_start %td

. label variable dow        "Day of week (0=Sun..6=Sat)"

. label variable week_start "Monday start of the date's calendar week"

. 
. /* ============================================================
>    7.  Country id, ordering, compress, save daily
>    ============================================================ */
. egen country_id = group(country)

. 
. order country country_id date week_start year month dow ///
>         mm_protests mm_violent mm_nonviolent mm_gvr ///
>         mm_protests_ind mm_violent_ind mm_nonviolent_ind mm_gvr_ind ///
>         acled_protests acled_violent acled_nonviolent acled_gvr ///
>         acled_protests_ind acled_violent_ind acled_nonviolent_ind acled_gvr_i
> nd ///
>         acled_coverage ///
>         scandal_today scandal_id scandal_official_type ///
>         scandal_position scandal_political_affiliation ///
>         first_scandal_date days_since_first_scandal

. 
. compress
  variable country_id was float now byte
  variable date was float now int
  variable scandal_official_type was float now byte
  variable first_scandal_date was float now int
  variable days_since_first_scandal was long now int
  variable mm_protests was double now byte
  variable mm_violent was double now byte
  variable mm_nonviolent was double now byte
  variable mm_gvr was double now byte
  variable country was str44 now str18
  (16,770,864 bytes saved)

. 
. di as result "=== panel_country_day: coverage ==="
=== panel_country_day: coverage ===

. count
  254,104

. summarize date, format

    Variable |        Obs        Mean    Std. dev.       Min        Max
-------------+---------------------------------------------------------
        date |    254,104   14feb2005    3189.289  01jan1990  31mar2020

. quietly levelsof country

. di "Countries: " r(r)
Countries: 23

. di as result "=== MM outcome means (daily, all years) ==="
=== MM outcome means (daily, all years) ===

. summarize mm_protests mm_violent mm_nonviolent mm_gvr

    Variable |        Obs        Mean    Std. dev.       Min        Max
-------------+---------------------------------------------------------
 mm_protests |    254,104    .0381379      .20333          0          3
  mm_violent |    254,104    .0120581    .1120981          0          3
mm_nonviol~t |    254,104    .0260799    .1675821          0          3
      mm_gvr |    254,104    .0017355     .041812          0          2

. di as result "=== ACLED outcome means (daily, only acled_coverage==1) ==="
=== ACLED outcome means (daily, only acled_coverage==1) ===

. summarize acled_protests acled_violent acled_nonviolent acled_gvr if acled_co
> verage == 1

    Variable |        Obs        Mean    Std. dev.       Min        Max
-------------+---------------------------------------------------------
acled_prot~s |     18,883    2.747392    10.94846          0        551
acled_viol~t |     18,883    .4828682     1.78139          0         61
acled_nonv~t |     18,883      2.1692     10.1001          0        544
   acled_gvr |     18,883    .0197003    .2299786          0         13

. di as result "=== Scandals on the grid (one row per scandal date) ==="
=== Scandals on the grid (one row per scandal date) ===

. count if scandal_today == 1
  188

. preserve

.         keep if scandal_today == 1
(253,916 observations deleted)

.         tab scandal_official_type, missing

        scandal_official_type |      Freq.     Percent        Cum.
------------------------------+-----------------------------------
                    President |         64       34.04       34.04
Supreme Court Judge/Secretary |         72       38.30       72.34
                       Others |         52       27.66      100.00
------------------------------+-----------------------------------
                        Total |        188      100.00

.         tab scandal_position, missing

    scandal_position |      Freq.     Percent        Cum.
---------------------+-----------------------------------
                     |          4        2.13        2.13
            governor |         17        9.04       11.17
     other_judiciary |         17        9.04       20.21
              others |         84       44.68       64.89
           president |         48       25.53       90.43
sc_judge_congressman |         18        9.57      100.00
---------------------+-----------------------------------
               Total |        188      100.00

. restore

. 
. save "${datfin}/panel_country_day.dta", replace
(file C:\Users\rob98/Dropbox/Corrupcion/WORKING FOLDER/Event Study -
    Scandals/Data/final/panel_country_day.dta not found)
file ~/Dropbox/Corrupcion/WORKING FOLDER/Event Study -
    Scandals/Data/final/panel_country_day.dta saved

. display in green "panel_country_day.dta saved"
panel_country_day.dta saved

. 
. /* ============================================================
>    8.  Weekly collapse and save
>    ============================================================ */
. preserve

.         use "${datfin}/panel_country_day.dta", clear

. 
.         /* counts -> sum;  indicators -> max (any during the week);
>            scandal_today -> max (any scandal that week);
>            first_scandal_date -> firstnm (constant per country);
>            days_since_first_scandal -> mean of the (Mon..Sun) days for the we
> ek,
>            which equals (start-of-week - first_scandal_date) + 3 -- but clean
> er
>            to recompute at the week level. */
. 
.         collapse (sum)  mm_protests mm_violent mm_nonviolent mm_gvr ///
>                 acled_protests acled_violent acled_nonviolent acled_gvr ///
>                 (max)  mm_protests_ind mm_violent_ind mm_nonviolent_ind mm_gv
> r_ind ///
>                         acled_protests_ind acled_violent_ind acled_nonviolent
> _ind acled_gvr_ind ///
>                         scandal_today ///
>                 (min)  acled_coverage ///
>                 (firstnm) country_id first_scandal_date ///
>                         scandal_id scandal_official_type ///
>                         scandal_position scandal_political_affiliation, ///
>                 by(country week_start)

. 
.         gen int  year  = year(week_start)

.         gen byte month = month(week_start)

.         gen long days_since_first_scandal = week_start - first_scandal_date
(9,474 missing values generated)

. 
.         order country country_id week_start year month ///
>                 mm_protests mm_violent mm_nonviolent mm_gvr ///
>                 mm_protests_ind mm_violent_ind mm_nonviolent_ind mm_gvr_ind /
> //
>                 acled_protests acled_violent acled_nonviolent acled_gvr ///
>                 acled_protests_ind acled_violent_ind acled_nonviolent_ind acl
> ed_gvr_ind ///
>                 acled_coverage ///
>                 scandal_today scandal_id scandal_official_type ///
>                 scandal_position scandal_political_affiliation ///
>                 first_scandal_date days_since_first_scandal

. 
.         compress
  variable days_since_first_scandal was long now int
  variable mm_protests was double now byte
  variable mm_violent was double now byte
  variable mm_nonviolent was double now byte
  variable mm_gvr was double now byte
  variable acled_protests was double now int
  variable acled_violent was double now int
  variable acled_nonviolent was double now int
  variable acled_gvr was double now byte
  (1,997,435 bytes saved)

. 
.         di as result "=== panel_country_week: coverage ==="
=== panel_country_week: coverage ===

.         count
  36,317

.         summarize week_start, format

    Variable |        Obs        Mean    Std. dev.       Min        Max
-------------+---------------------------------------------------------
  week_start |     36,317   14feb2005     3190.77  01jan1990  30mar2020

.         quietly levelsof country

.         di "Countries: " r(r)
Countries: 23

.         di as result "=== MM outcome means (weekly) ==="
=== MM outcome means (weekly) ===

.         summarize mm_protests mm_violent mm_nonviolent mm_gvr

    Variable |        Obs        Mean    Std. dev.       Min        Max
-------------+---------------------------------------------------------
 mm_protests |     36,317    .2668447    1.218513          0         17
  mm_violent |     36,317    .0843682    .6906671          0         15
mm_nonviol~t |     36,317    .1824765    .9871647          0         17
      mm_gvr |     36,317    .0121431    .2544702          0          7

.         di as result "=== Scandals on the weekly grid ==="
=== Scandals on the weekly grid ===

.         count if scandal_today == 1
  185

. 
.         save "${datfin}/panel_country_week.dta", replace
(file C:\Users\rob98/Dropbox/Corrupcion/WORKING FOLDER/Event Study -
    Scandals/Data/final/panel_country_week.dta not found)
file ~/Dropbox/Corrupcion/WORKING FOLDER/Event Study -
    Scandals/Data/final/panel_country_week.dta saved

.         display in green "panel_country_week.dta saved"
panel_country_week.dta saved

. restore

. 
. display in green "b_panel_country_day.do finished OK"
b_panel_country_day.do finished OK

. 
end of do-file
