
  ___  ____  ____  ____  ____ ®
 /__    /   ____/   /   ____/      StataNow 19.5
___/   /   /___/   /   /___/       MP—Parallel Edition

 Statistics and Data Science       Copyright 1985-2025 StataCorp LLC
                                   StataCorp
                                   4905 Lakeway Drive
                                   College Station, Texas 77845 USA
                                   800-782-8272        https://www.stata.com
                                   979-696-4600        service@stata.com

Stata license: Unlimited-user 16-core network, expiring  2 Jul 2026
Serial number: 501909320077
  Licensed to: Roberto Gonzalez Tellez
               Stanford University GSB

Notes:
      1. Stata is running in batch mode.
      2. Unicode is supported; see help unicode_advice.
      3. More than 2 billion observations are allowed; see help obs_advice.
      4. Maximum number of variables is set to 5,000 but can be increased;
          see help set_maxvar.

. do _inspect_violent_120d_pvalue.do 

. /* Quick diagnostic: get the unrounded coefficient, SE, t-stat, df, and
>    p-value for the Violent-Protests / 120-day-window OLS specification
>    that appears as ** in Table 1. */
. 
. if "`c(username)'" == "rob98" {
.         global identity "~/Dropbox"
. }

. global path   "${identity}/Corrupcion/WORKING FOLDER/Event Study - Scandals"

. global datfin "${path}/Data/final"

. 
. use "${datfin}/protests_scandals_30days_v3", clear

. drop if country == "Venezuela"
(3,374 observations deleted)

. egen grupo_dias = group(s_lag30 s_lag60 s_lag90 s_lag120 ///
>                         s_lead30 s_lead60 s_lead90 s_lead120)

. 
. local firstyear = 2008

. 
. reghdfe num_violent_MM post i.month i.day ///
>     if year >= `firstyear', ///
>     absorb(i.country_id#i.year) ///
>     vce(cluster i.country_id#i.year#i.grupo_dias)
(MWFE estimator converged in 1 iterations)

HDFE Linear regression                            Number of obs   =     42,657
Absorbing 1 HDFE group                            F(  18,    669) =       2.58
Statistics robust to heteroskedasticity           Prob > F        =     0.0004
                                                  R-squared       =     0.1257
                                                  Adj R-squared   =     0.1232
                                                  Within R-sq.    =     0.0362
Number of clusters (country_id#year#grupo_dias) =        670Root MSE=     0.150
> 6

           (Std. err. adjusted for 670 clusters in country_id#year#grupo_dias)
------------------------------------------------------------------------------
             |               Robust
num_violen~M | Coefficient  std. err.      t    P>|t|     [95% conf. interval]
-------------+----------------------------------------------------------------
        post |   .0156183   .0062104     2.51   0.012     .0034241    .0278124
             |
       month |
          2  |  -.0745325   .0270892    -2.75   0.006    -.1277226   -.0213425
          3  |  -.1060632   .0284446    -3.73   0.000    -.1619146   -.0502118
          4  |   -.115323   .0286276    -4.03   0.000    -.1715339   -.0591122
          5  |  -.1068616   .0295311    -3.62   0.000    -.1648464   -.0488768
          6  |  -.1052685    .030341    -3.47   0.001    -.1648437   -.0456934
          7  |   -.095226   .0321249    -2.96   0.003    -.1583038   -.0321483
          8  |  -.0926913   .0326454    -2.84   0.005    -.1567912   -.0285915
          9  |  -.1249399   .0320524    -3.90   0.000    -.1878753   -.0620045
         10  |  -.1248224   .0309408    -4.03   0.000    -.1855751   -.0640697
         11  |  -.1165116   .0314681    -3.70   0.000    -.1782997   -.0547235
         12  |  -.0777428   .0338852    -2.29   0.022    -.1442769   -.0112086
             |
         day |
          1  |   .0007858   .0013642     0.58   0.565    -.0018928    .0034644
          2  |   .0008614    .001508     0.57   0.568    -.0020996    .0038224
          3  |   .0021568   .0015673     1.38   0.169    -.0009205    .0052342
          4  |     .00121   .0014456     0.84   0.403    -.0016285    .0040485
          5  |  -.0002561   .0013112    -0.20   0.845    -.0028307    .0023185
          6  |  -.0010926   .0011844    -0.92   0.357    -.0034183     .001233
             |
       _cons |   .1140993   .0271002     4.21   0.000     .0608876    .1673111
------------------------------------------------------------------------------

Absorbed degrees of freedom:
-----------------------------------------------------------+
       Absorbed FE | Categories  - Redundant  = Num. Coefs |
-------------------+---------------------------------------|
   country_id#year |       107           0         107     |
-----------------------------------------------------------+

. 
. display _newline "=== Unrounded inference for Violent / 120d / OLS ==="

=== Unrounded inference for Violent / 120d / OLS ===

. display "  coef               = " %12.10f _b[post]
  coef               = 0.0156182803

. display "  cluster-robust SE  = " %12.10f _se[post]
  cluster-robust SE  = 0.0062103587

. display "  t-statistic        = " %12.10f _b[post] / _se[post]
  t-statistic        = 2.5148757217

. display "  df_r (reghdfe)     = " e(df_r)
  df_r (reghdfe)     = 669

. display "  N clusters         = " e(N_clust)
  N clusters         = 670

. display "  p-value (normal)   = " %12.10f 2 * (1 - normal(abs(_b[post] / _se[
> post])))
  p-value (normal)   = 0.0119074350

. display "  p-value (t, df_r)  = " %12.10f 2 * ttail(e(df_r), abs(_b[post] / _
> se[post]))
  p-value (t, df_r)  = 0.0121407903

. display "  p-value (t, n_clust - 1) = " %12.10f 2 * ttail(e(N_clust) - 1, abs
> (_b[post] / _se[post]))
  p-value (t, n_clust - 1) = 0.0121407903

. 
end of do-file
