
  ___  ____  ____  ____  ____ ®
 /__    /   ____/   /   ____/      StataNow 19.5
___/   /   /___/   /   /___/       MP—Parallel Edition

 Statistics and Data Science       Copyright 1985-2025 StataCorp LLC
                                   StataCorp
                                   4905 Lakeway Drive
                                   College Station, Texas 77845 USA
                                   800-782-8272        https://www.stata.com
                                   979-696-4600        service@stata.com

Stata license: Unlimited-user 16-core network, expiring  2 Jul 2026
Serial number: 501909320077
  Licensed to: Roberto Gonzalez Tellez
               Stanford University GSB

Notes:
      1. Stata is running in batch mode.
      2. Unicode is supported; see help unicode_advice.
      3. More than 2 billion observations are allowed; see help obs_advice.
      4. Maximum number of variables is set to 5,000 but can be increased;
          see help set_maxvar.

. do per_scandal_effects_presi_vs_others_w_outliers.do 

. /* --------------------------------------------------------------------------
> --
>                                                 Violent effects of apex corru
> ption
> 
>         Code author: Roberto Gonzalez
>         Date: 2026-05-22
> 
>         Same as per_scandal_effects_presi_vs_others.do (President from
>         `position' vs Others), but the box plots are produced WITH OUTLIERS
>         SHOWN (no `nooutsides' option).  Box plots only -- no jitter.
> 
>         Outputs (in ${work}/results/figures/):
>                 per_scandal_box_<outcome>_w30_presi_w_outliers.pdf
> ---------------------------------------------------------------------------- 
> */
. 
. if "`c(username)'" == "lalov" {
.         gl identity "C:/Users/lalov/ITAM Seira Research Dropbox/Eduardo River
> a"
. }

. if "`c(username)'" == "Rob_9" {
.         global identity "C:/Users/Rob_9/Dropbox"
. }

. if "`c(username)'" == "rob98" {
.         global identity "~/Dropbox"
. }

. 
. global work   "${identity}/Corrupcion/Protest_Work"

. global path   "${identity}/Corrupcion/WORKING FOLDER/Event Study - Scandals"

. global datfin "${path}/Data/final"

. global figout "${work}/results/figures"

. 
. local window_length = 30

. local outcome_list = "num_protests_MM num_violent_MM num_peaceful_MM governme
> nt_response_violent"

. local outcome_number : word count `outcome_list'

. 
. /* ============================================================
>    READ AND PREPARE
>    ============================================================ */
. use "${datfin}/protests_scandals_30days_v3_with_lv_of_agent_involved.dta", cl
> ear

. drop if country == "Venezuela"
(3,374 observations deleted)

. keep if abs(window) <= `window_length'
(31,921 observations deleted)

. 
. egen scandal_enc = group(id)

. egen scandal_tag = tag(id)

. 
. gen double _sd = date if window == 0
(10,562 missing values generated)

. bysort scandal_enc (_sd): replace _sd = _sd[1]
(10440 real changes made)

. format _sd %td

. 
. bysort scandal_enc: egen _pm = mean(post)

. drop if _pm == 0 | _pm == 1
(0 observations deleted)

. drop _pm

. 
. quietly levelsof scandal_enc, local(slevels)

. local n_scandals : word count `slevels'

. display in yellow "Per-scandal regressions: `n_scandals' scandals x `outcome_
> number' outcomes"
Per-scandal regressions: 176 scandals x 4 outcomes

. 
. preserve

.         keep if scandal_tag == 1
(10,560 observations deleted)

.         keep scandal_enc id country official_involved _sd

.         rename _sd scandal_date

.         tempfile metadata

.         save `metadata'
file C:\Users\rob98\AppData\Local\Temp\ST_8fa0_000002.tmp saved as .dta
    format

. restore

. 
. /* ============================================================
>    PER-SCANDAL REGRESSIONS
>    ============================================================ */
. matrix define scandal_info = J(`n_scandals', 3*`outcome_number', .)

. 
. forvalues s = 1/`n_scandals' {
  2.         local oc = 0
  3.         foreach outcome of local outcome_list {
  4.                 local ++oc
  5.                 quietly count if !missing(`outcome') & scandal_enc == `s'
  6.                 local nobs = r(N)
  7.                 if `nobs' > 30 {
  8.                         capture reghdfe `outcome' post if scandal_enc == `
> s', ///
>                                 absorb(month day) vce(robust)
  9.                         if _rc == 0 & !missing(_b[post]) & _se[post] < . &
>  _se[post] > 0 {
 10.                                 matrix scandal_info[`s', 3*`oc'-2] = _b[po
> st]
 11.                                 matrix scandal_info[`s', 3*`oc'-1] = _se[p
> ost]
 12.                                 matrix scandal_info[`s', 3*`oc']   = `nobs
> '
 13.                         }
 14.                 }
 15.         }
 16. }

. 
. clear

. svmat scandal_info
number of observations will be reset to 176
Press any key to continue, or Break to abort
Number of observations (_N) was 0, now 176.

. generate scandal_enc = _n

. merge 1:1 scandal_enc using `metadata', nogenerate

    Result                      Number of obs
    -----------------------------------------
    Not matched                             0
    Matched                               176  
    -----------------------------------------

. 
. local oc = 0

. foreach outcome of local outcome_list {
  2.         local ++oc
  3.         rename scandal_info`=3*`oc'-2' b_`outcome'
  4.         rename scandal_info`=3*`oc'-1' se_`outcome'
  5.         rename scandal_info`=3*`oc''   n_`outcome'
  6. }

. 
. /* ============================================================
>    MERGE IN position FROM scandals_classified.csv
>    ============================================================ */
. preserve

.         import delimited using "${datfin}/scandals_classified.csv", ///
>                 clear varnames(1) bindquotes(strict)
(encoding automatically selected: UTF-8)
(7 vars, 186 obs)

.         keep id country position

.         tempfile cls

.         save `cls'
file C:\Users\rob98\AppData\Local\Temp\ST_8fa0_000004.tmp saved as .dta
    format

. restore

. merge 1:1 id country using `cls', keep(1 3) nogenerate

    Result                      Number of obs
    -----------------------------------------
    Not matched                             4
        from master                         4  
        from using                          0  

    Matched                               172  
    -----------------------------------------

. 
. /* ============================================================
>    BINARY CLASSIFICATION: President (from `position') vs Others
>    ============================================================ */
. gen byte presi = .
(176 missing values generated)

. replace presi = 1 if position == "president"
(45 real changes made)

. replace presi = 2 if !missing(position) & position != "president"
(127 real changes made)

. label define PRESI 1 "President" 2 "Others", replace

. label values presi PRESI

. label variable presi "Type of official involved (President vs Others)"

. 
. di as result "=== Scandals by President vs Others ==="
=== Scandals by President vs Others ===

. tab presi, missing

    Type of |
   official |
   involved |
 (President |
 vs Others) |      Freq.     Percent        Cum.
------------+-----------------------------------
  President |         45       25.57       25.57
     Others |        127       72.16       97.73
          . |          4        2.27      100.00
------------+-----------------------------------
      Total |        176      100.00

. 
. /* ============================================================
>    BOX PLOTS (OUTLIERS SHOWN -- no `nooutsides')
>    ============================================================ */
. foreach outcome of local outcome_list {
  2. 
.         if "`outcome'" == "num_protests_MM"             local ytitle "protest
> s (any)"
  3.         if "`outcome'" == "num_violent_MM"              local ytitle "viol
> ent protests"
  4.         if "`outcome'" == "num_peaceful_MM"             local ytitle "peac
> eful protests"
  5.         if "`outcome'" == "government_response_violent" local ytitle "gvt.
>  violent response"
  6. 
.         display in yellow "=== Per-scandal `outcome': President vs Others ===
> "
  7.         tabstat b_`outcome', by(presi) ///
>                 statistics(n mean p50 sd min max) columns(statistics)
  8. 
.         graph box b_`outcome', over(presi, label(labsize(medsmall))) ///
>                 ytitle("Per-scandal effect on `ytitle'") ///
>                 ylabel(, format(%4.2f) angle(0)) ///
>                 yline(0, lpattern(dash) lcolor(gs8)) ///
>                 title("Per-scandal effect on `ytitle'", size(medium)) ///
>                 note("Narrow +-`window_length'-day window; outliers shown.") 
> ///
>                 scheme(s2color) graphregion(color(white))
  9.         graph export ///
>                 "${figout}/per_scandal_box_`outcome'_w`window_length'_presi_w
> _outliers.pdf", replace
 10. }
=== Per-scandal num_protests_MM: President vs Others ===

Summary for variables: b_num_protests_MM
Group variable: presi (Type of official involved (President vs Others))

    presi |         N      Mean       p50        SD       Min       Max
----------+------------------------------------------------------------
President |        17  .1027018  .0365265  .1630671 -.0571414  .4634052
   Others |        56 -.0084234 -.0053219  .2911662 -.5945849  1.017755
----------+------------------------------------------------------------
    Total |        73  .0174551  -.000574  .2700121 -.5945849  1.017755
-----------------------------------------------------------------------
file
    C:\Users\rob98/Dropbox/Corrupcion/Protest_Work/results/figures/per_scanda
    > l_box_num_protests_MM_w30_presi_w_outliers.pdf saved as PDF format
=== Per-scandal num_violent_MM: President vs Others ===

Summary for variables: b_num_violent_MM
Group variable: presi (Type of official involved (President vs Others))

    presi |         N      Mean       p50        SD       Min       Max
----------+------------------------------------------------------------
President |         7  .1684202  .0440819  .2204517 -.0451923  .5285069
   Others |        24 -.0151187  -.000797  .2834652 -.6025954   .564778
----------+------------------------------------------------------------
    Total |        31  .0263256   .005959  .2782242 -.6025954   .564778
-----------------------------------------------------------------------
file
    C:\Users\rob98/Dropbox/Corrupcion/Protest_Work/results/figures/per_scanda
    > l_box_num_violent_MM_w30_presi_w_outliers.pdf saved as PDF format
=== Per-scandal num_peaceful_MM: President vs Others ===

Summary for variables: b_num_peaceful_MM
Group variable: presi (Type of official involved (President vs Others))

    presi |         N      Mean       p50        SD       Min       Max
----------+------------------------------------------------------------
President |        14  .0404992  .0026841  .1453735 -.1291681  .4740385
   Others |        47 -.0023162  -.005053  .2698159  -.525011  1.010711
----------+------------------------------------------------------------
    Total |        61  .0075103 -.0044748  .2464189  -.525011  1.010711
-----------------------------------------------------------------------
file
    C:\Users\rob98/Dropbox/Corrupcion/Protest_Work/results/figures/per_scanda
    > l_box_num_peaceful_MM_w30_presi_w_outliers.pdf saved as PDF format
=== Per-scandal government_response_violent: President vs Others ===

Summary for variables: b_government_response_violent
Group variable: presi (Type of official involved (President vs Others))

    presi |         N      Mean       p50        SD       Min       Max
----------+------------------------------------------------------------
President |         1  .0477528  .0477528         .  .0477528  .0477528
   Others |         7  .0211951 -.0448824  .3565181 -.3784527  .5070117
----------+------------------------------------------------------------
    Total |         8  .0245148 -.0205215  .3302052 -.3784527  .5070117
-----------------------------------------------------------------------
file
    C:\Users\rob98/Dropbox/Corrupcion/Protest_Work/results/figures/per_scanda
    > l_box_government_response_violent_w30_presi_w_outliers.pdf saved as PDF
    format

. 
. display in green "per_scandal_effects_presi_vs_others_w_outliers.do finished 
> OK"
per_scandal_effects_presi_vs_others_w_outliers.do finished OK

. 
end of do-file
