
  ___  ____  ____  ____  ____ ®
 /__    /   ____/   /   ____/      StataNow 19.5
___/   /   /___/   /   /___/       MP—Parallel Edition

 Statistics and Data Science       Copyright 1985-2025 StataCorp LLC
                                   StataCorp
                                   4905 Lakeway Drive
                                   College Station, Texas 77845 USA
                                   800-782-8272        https://www.stata.com
                                   979-696-4600        service@stata.com

Stata license: Unlimited-user 16-core network, expiring  2 Jul 2026
Serial number: 501909320077
  Licensed to: Roberto Gonzalez Tellez
               Stanford University GSB

Notes:
      1. Stata is running in batch mode.
      2. Unicode is supported; see help unicode_advice.
      3. More than 2 billion observations are allowed; see help obs_advice.
      4. Maximum number of variables is set to 5,000 but can be increased;
          see help set_maxvar.

. do per_scandal_effects.do 

. /* --------------------------------------------------------------------------
> --
>                                                 Violent effects of apex corru
> ption
> 
>         Code author: Roberto Gonzalez
>         Date: April 29, 2026  (rewritten 2026-05-15 to match the actual
>                 protests_scandals_30days_v3_with_lv_of_agent_involved.dta sch
> ema)
> 
>         Objective (protests_plan.md, Task 5):
>                 For each scandal, run the within-window pre/post regression o
> n its
>                 own country and extract a single `Post Scandal` coefficient.
>                 Plot the distribution of those per-scandal coefficients by th
> e type
>                 of official involved (1 President, 2 Supreme Court Judge/Secr
> etary,
>                 3 Others).
> 
>         Design (per the plan):
>                 - Per scandal s: reghdfe outcome post, absorb(month dow) on t
> he
>                   narrow +-30-day window of that scandal's country.  Fewer ob
> s but
>                   tighter identification than +-120.
>                 - Save (scandal_id, official_involved, b_s, se_s, n_s).
>                 - Plot: jittered scatter of b_s by official type, overlaid wi
> th the
>                   category mean and its 95% CI (more honest than graph box be
> cause
>                   it shows the small-N categories).  Marker size ~ 1/se_s^2 s
> o the
>                   eye does not confuse a noisy b_s with a sharp one.  A compa
> nion
>                   box plot is also produced.
> 
>         Caveat: with one country and a +-30-day window each per-scandal
>         regression has very limited leverage; individual b_s are noisy by
>         construction.  The object of interest is the *distribution*, not any
>         single estimate.
> ---------------------------------------------------------------------------- 
> */
. 
. /* ------------------- Configuration for collaborators -------------------- *
> /
. if "`c(username)'" == "lalov" {
.         gl identity "C:/Users/lalov/ITAM Seira Research Dropbox/Eduardo River
> a"
. }

. if "`c(username)'" == "Rob_9" {
.         global identity "C:/Users/Rob_9/Dropbox"
. }

. if "`c(username)'" == "rob98" {
.         global identity "~/Dropbox"
. }

. 
. global work "${identity}/Corrupcion/Protest_Work"

. 
. /* Creating Global File Paths ---------------------------------------------- 
> */
. global path     "${identity}/Corrupcion/WORKING FOLDER/Event Study - Scandals
> "

. global datfin   "${path}/Data/final"

. global output   "${path}/Output"

. global graphs   "${output}/Graphs"

. global tables   "${output}/Tables"

. global figout   "${work}/results/figures"

. global resout   "${work}/results"

. /* ------------------------------------------------------------------------- 
> */
. 
. /* Narrow window per the plan */
. local window_length = 30

. 
. /* Outcomes (mirrors the 4-outcome panels in Protests.pdf) */
. local outcome_list = "num_protests_MM num_violent_MM num_peaceful_MM governme
> nt_response_violent"

. local outcome_number : word count `outcome_list'

. 
. /* CI level for the category-mean overlay and the exported per-scandal CIs */
. local ci_level = 95

. local zcrit = invnormal(1 - (100-`ci_level')/200)

. 
. /* ============================================================
>    READ AND PREPARE
>    ============================================================ */
. 
. use "${datfin}/protests_scandals_30days_v3_with_lv_of_agent_involved.dta", cl
> ear

. drop if country == "Venezuela"
(3,374 observations deleted)

. 
. /* Merge in scandals_classified.csv to get the position + political_affiliati
> on
>    labels used by ppmlhdfe_main_by_position.do and by the PDF's Tables 12-15
>    incumbent / non-incumbent panels.  172/176 scandals match; the 4 unmatched
>    fall through to the "Others" category below. */
. preserve

.         import delimited using "${datfin}/scandals_classified.csv", ///
>                 clear varnames(1) bindquotes(strict)
(encoding automatically selected: UTF-8)
(7 vars, 186 obs)

.         keep id country position political_affiliation

.         tempfile cls

.         save `cls'
file C:\Users\rob98\AppData\Local\Temp\ST_a454_000002.tmp saved as .dta
    format

. restore

. merge m:1 id country using `cls', keep(1 3) nogenerate

    Result                      Number of obs
    -----------------------------------------
    Not matched                           964
        from master                       964  
        from using                          0  

    Matched                            41,693  
    -----------------------------------------

. 
. /* Refined 5-way categorisation that matches the PDF heterogeneity panels:
>      1 Incumbent President     (position=="president"  & incumbent)
>      2 Non-Incumbent President (position=="president"  & !incumbent)
>      3 Incumbent Governor      (position=="governor"   & incumbent)
>      4 SCJ / Congressman       (position in sc_judge_congressman, other_judic
> iary)
>      5 Others                  (everything else, incl. unmatched and non-incu
> mbent
>                                 governors)
> */
. gen byte official_class = .
(42,657 missing values generated)

. replace official_class = 1 if position == "president" & political_affiliation
>  == "incumbent"
(5,784 real changes made)

. replace official_class = 2 if position == "president" & political_affiliation
>  != "incumbent" ///
>         & !missing(political_affiliation)
(5,061 real changes made)

. replace official_class = 3 if position == "governor"  & political_affiliation
>  == "incumbent"
(1,446 real changes made)

. replace official_class = 4 if inlist(position, "sc_judge_congressman", "other
> _judiciary")
(7,953 real changes made)

. replace official_class = 5 if missing(official_class)
(22,413 real changes made)

. 
. label define OCLASS ///
>         1 "Inc. President" ///
>         2 "Non-Inc. President" ///
>         3 "Inc. Governor" ///
>         4 "SCJ/Congressman" ///
>         5 "Others", replace

. label values official_class OCLASS

. 
. /* event-time variable in this dataset is `window`; restrict to +-30 days */
. keep if abs(window) <= `window_length'
(31,921 observations deleted)

. 
. /* Numeric per-scandal id (id is the str scandal identifier; one scandal
>    belongs to exactly one country, so id alone identifies a scandal-country) 
> */
. egen scandal_enc = group(id)

. egen scandal_tag = tag(id)

. 
. /* Scandal date = calendar date at window == 0 (carried to every row) */
. gen double _sd = date if window == 0
(10,562 missing values generated)

. bysort scandal_enc (_sd): replace _sd = _sd[1]
(10440 real changes made)

. format _sd %td

. 
. /* Defensive: drop scandals with no within-window post variation
>    (diagnostics showed 0 such scandals, but keep the guard) */
. bysort scandal_enc: egen _pm = mean(post)

. drop if _pm == 0 | _pm == 1
(0 observations deleted)

. drop _pm

. 
. /* month and dow already exist in the data (month = month(date),
>    day = dow(date), 0 = Sunday); use them directly as FE */
. 
. quietly levelsof scandal_enc, local(slevels)

. local n_scandals : word count `slevels'

. display in yellow "Per-scandal regressions: `n_scandals' scandals x `outcome_
> number' outcomes"
Per-scandal regressions: 176 scandals x 4 outcomes

. 
. /* One-row-per-scandal metadata to merge back after the matrix is filled */
. preserve

.         keep if scandal_tag == 1
(10,560 observations deleted)

.         keep scandal_enc id country official_involved official_class ///
>                 position political_affiliation _sd

.         rename _sd scandal_date

.         tempfile metadata

.         save `metadata'
file C:\Users\rob98\AppData\Local\Temp\ST_a454_000004.tmp saved as .dta
    format

. restore

. 
. /* ============================================================
>    PER-SCANDAL REGRESSIONS
>    ============================================================ */
. 
. matrix define scandal_info = J(`n_scandals', 3*`outcome_number', .)

. 
. forvalues s = 1/`n_scandals' {
  2.         local oc = 0
  3.         foreach outcome of local outcome_list {
  4.                 local ++oc
  5.                 quietly count if !missing(`outcome') & scandal_enc == `s'
  6.                 local nobs = r(N)
  7.                 if `nobs' > 30 {
  8.                         capture reghdfe `outcome' post if scandal_enc == `
> s', ///
>                                 absorb(month day) vce(robust)
  9.                         if _rc == 0 & !missing(_b[post]) & _se[post] < . &
>  _se[post] > 0 {
 10.                                 matrix scandal_info[`s', 3*`oc'-2] = _b[po
> st]
 11.                                 matrix scandal_info[`s', 3*`oc'-1] = _se[p
> ost]
 12.                                 matrix scandal_info[`s', 3*`oc']   = `nobs
> '
 13.                         }
 14.                 }
 15.         }
 16. }

. 
. /* Convert matrix to dataset and merge metadata back in */
. clear

. svmat scandal_info
number of observations will be reset to 176
Press any key to continue, or Break to abort
Number of observations (_N) was 0, now 176.

. generate scandal_enc = _n

. merge 1:1 scandal_enc using `metadata', nogenerate

    Result                      Number of obs
    -----------------------------------------
    Not matched                             0
    Matched                               176  
    -----------------------------------------

. 
. /* Name the columns: b_/se_/n_ per outcome */
. local oc = 0

. foreach outcome of local outcome_list {
  2.         local ++oc
  3.         rename scandal_info`=3*`oc'-2' b_`outcome'
  4.         rename scandal_info`=3*`oc'-1' se_`outcome'
  5.         rename scandal_info`=3*`oc''   n_`outcome'
  6.         /* per-scandal CI */
.         generate lb_`outcome' = b_`outcome' - `zcrit'*se_`outcome'
  7.         generate ub_`outcome' = b_`outcome' + `zcrit'*se_`outcome'
  8. }
(101 missing values generated)
(101 missing values generated)
(145 missing values generated)
(145 missing values generated)
(113 missing values generated)
(113 missing values generated)
(168 missing values generated)
(168 missing values generated)

. 
. label define OFF 1 "President" 2 "SCJ/Secretary" 3 "Others", replace

. label values official_involved OFF

. label define OCLASS ///
>         1 "Inc. President" ///
>         2 "Non-Inc. President" ///
>         3 "Inc. Governor" ///
>         4 "SCJ/Congressman" ///
>         5 "Others", replace

. label values official_class OCLASS

. 
. order scandal_enc id country official_involved official_class ///
>         position political_affiliation scandal_date b_* se_* n_* lb_* ub_*

. compress
  variable scandal_enc was float now int
  variable official_involved was float now byte
  variable n_num_protests_MM was float now byte
  variable n_num_violent_MM was float now byte
  variable n_num_peaceful_MM was float now byte
  variable n_government_response_violent was float now byte
  variable scandal_date was double now int
  variable country was str44 now str18
  (8,624 bytes saved)

. 
. /* ============================================================
>    EXPORT THE PER-SCANDAL ESTIMATES
>    ============================================================ */
. save   "${resout}/per_scandal_effects_w`window_length'.dta", replace
file ~/Dropbox/Corrupcion/Protest_Work/results/per_scandal_effects_w30.dta
    saved

. export delimited using ///
>         "${resout}/per_scandal_effects_w`window_length'.csv", replace
file C:\Users\rob98/Dropbox/Corrupcion/Protest_Work/results/per_scandal_effects
> _w30.csv saved

. 
. /* ============================================================
>    DISTRIBUTION SUMMARY  (printed to the log)
>    Both categorisations: the broad 3-way (official_involved) for back-compat
>    with the previous run, and the 5-way (official_class) that splits
>    President by incumbency and identifies Incumbent Governors.
>    ============================================================ */
. foreach grouping in official_involved official_class {
  2.         foreach outcome of local outcome_list {
  3.                 display in yellow "=== `grouping': `outcome' ==="
  4.                 tabstat b_`outcome', by(`grouping') ///
>                         statistics(n mean p50 sd min max) columns(statistics)
  5.                 mean b_`outcome', over(`grouping')
  6.         }
  7. }
=== official_involved: num_protests_MM ===

Summary for variables: b_num_protests_MM
Group variable: official_involved 

official_involved |         N      Mean       p50        SD       Min       Max
------------------+------------------------------------------------------------
        President |        23  .1153383  .0365265  .2072443 -.0571414  .6415001
    SCJ/Secretary |        30 -.0380987 -.0079193  .3344283 -.5945849  1.017755
           Others |        22 -.0046183 -.0029784  .1880217 -.3911689  .6032418
------------------+------------------------------------------------------------
            Total |        75  .0187762  1.83e-18   .266465 -.5945849  1.017755
-------------------------------------------------------------------------------

Mean estimation                                     Number of obs = 75

----------------------------------------------------------------------
                     |       Mean   Std. err.     [95% conf. interval]
---------------------+------------------------------------------------
 c.b_num_protests_MM@|
   official_involved |
          President  |   .1153383   .0432134      .0292337    .2014429
      SCJ/Secretary  |  -.0380987    .061058     -.1597594     .083562
             Others  |  -.0046183   .0400864     -.0844921    .0752555
----------------------------------------------------------------------
=== official_involved: num_violent_MM ===

Summary for variables: b_num_violent_MM
Group variable: official_involved 

official_involved |         N      Mean       p50        SD       Min       Max
------------------+------------------------------------------------------------
        President |         7  .1697055  .0440819  .2190203 -.0361955  .5285069
    SCJ/Secretary |        16 -.0728199 -.0391655  .3069884 -.6025954  .5070117
           Others |         8  .0991593  .0376772   .198995 -.0792087   .564778
------------------+------------------------------------------------------------
            Total |        31  .0263256   .005959  .2782242 -.6025954   .564778
-------------------------------------------------------------------------------

Mean estimation                                    Number of obs = 31

---------------------------------------------------------------------
                    |       Mean   Std. err.     [95% conf. interval]
--------------------+------------------------------------------------
 c.b_num_violent_MM@|
  official_involved |
         President  |   .1697055   .0827819      .0006422    .3387687
     SCJ/Secretary  |  -.0728199   .0767471     -.2295584    .0839186
            Others  |   .0991593   .0703554     -.0445256    .2428441
---------------------------------------------------------------------
=== official_involved: num_peaceful_MM ===

Summary for variables: b_num_peaceful_MM
Group variable: official_involved 

official_involved |         N      Mean       p50        SD       Min       Max
------------------+------------------------------------------------------------
        President |        20  .0732421 -.0022374  .2043099 -.1291681  .6415001
    SCJ/Secretary |        25  .0008863 -.0018138  .3006135  -.525011  1.010711
           Others |        18 -.0497154 -.0029784  .1785931 -.5070813  .1801693
------------------+------------------------------------------------------------
            Total |        63  .0093988 -.0018138  .2426469  -.525011  1.010711
-------------------------------------------------------------------------------

Mean estimation                                     Number of obs = 63

----------------------------------------------------------------------
                     |       Mean   Std. err.     [95% conf. interval]
---------------------+------------------------------------------------
 c.b_num_peaceful_MM@|
   official_involved |
          President  |   .0732421   .0456851      -.018081    .1645653
      SCJ/Secretary  |   .0008863   .0601227     -.1192973    .1210699
             Others  |  -.0497154   .0420948     -.1338617    .0344309
----------------------------------------------------------------------
=== official_involved: government_response_violent ===

Summary for variables: b_government_response_violent
Group variable: official_involved 

official_involved |         N      Mean       p50        SD       Min       Max
------------------+------------------------------------------------------------
        President |         1  .0477528  .0477528         .  .0477528  .0477528
    SCJ/Secretary |         6  .0356103 -.0205215  .3883049 -.3784527  .5070117
           Others |         1 -.0652963 -.0652963         . -.0652963 -.0652963
------------------+------------------------------------------------------------
            Total |         8  .0245148 -.0205215  .3302052 -.3784527  .5070117
-------------------------------------------------------------------------------

Mean estimation                                               Number of obs = 8

------------------------------------------------------------------------------
                             |       Mean   Std. err.     [95% conf. interval]
-----------------------------+------------------------------------------------
                          c. |
b_government_response_viol~t@|
           official_involved |
                  President  |   .0477528          .             .           .
              SCJ/Secretary  |   .0356103   .1585248     -.3392413     .410462
                     Others  |  -.0652963          .             .           .
------------------------------------------------------------------------------
=== official_class: num_protests_MM ===

Summary for variables: b_num_protests_MM
Group variable: official_class 

  official_class |         N      Mean       p50        SD       Min       Max
-----------------+------------------------------------------------------------
  Inc. President |        12  .1288464   .050132   .184355 -.0571414  .4634052
Non-Inc. Preside |         5  .0399549  .0053683  .0769925 -.0173077  .1704198
   Inc. Governor |         4  .2589434  .0334957  .5079432 -.0489722  1.017755
 SCJ/Congressman |        10  .0026846  .0070532  .2983063 -.5945849  .6032418
          Others |        44 -.0318257 -.0056604  .2546406 -.5581498  .6415001
-----------------+------------------------------------------------------------
           Total |        75  .0187762  1.83e-18   .266465 -.5945849  1.017755
------------------------------------------------------------------------------

Mean estimation                                     Number of obs = 75

----------------------------------------------------------------------
                     |       Mean   Std. err.     [95% conf. interval]
---------------------+------------------------------------------------
 c.b_num_protests_MM@|
      official_class |
     Inc. President  |   .1288464   .0532187      .0228058    .2348869
 Non-Inc. President  |   .0399549   .0344321     -.0286526    .1085623
      Inc. Governor  |   .2589434   .2539716      -.247106    .7649929
    SCJ/Congressman  |   .0026846   .0943327     -.1852775    .1906466
             Others  |  -.0318257   .0383885     -.1083165    .0446651
----------------------------------------------------------------------
=== official_class: num_violent_MM ===

Summary for variables: b_num_violent_MM
Group variable: official_class 

  official_class |         N      Mean       p50        SD       Min       Max
-----------------+------------------------------------------------------------
  Inc. President |         7  .1684202  .0440819  .2204517 -.0451923  .5285069
Non-Inc. Preside |         0         .         .         .         .         .
   Inc. Governor |         4  .0167881  .0054415  .0628708 -.0471584  .1034277
 SCJ/Congressman |         2 -.0189087 -.0189087  .8254577 -.6025954   .564778
          Others |        18 -.0217879 -.0076924  .2600868  -.535501  .5070117
-----------------+------------------------------------------------------------
           Total |        31  .0263256   .005959  .2782242 -.6025954   .564778
------------------------------------------------------------------------------

Mean estimation                                    Number of obs = 31

---------------------------------------------------------------------
                    |       Mean   Std. err.     [95% conf. interval]
--------------------+------------------------------------------------
 c.b_num_violent_MM@|
     official_class |
    Inc. President  |   .1684202   .0833229     -.0017479    .3385883
     Inc. Governor  |   .0167881   .0314354     -.0474115    .0809877
   SCJ/Congressman  |  -.0189087   .5836867     -1.210956    1.173139
            Others  |  -.0217879   .0613031     -.1469855    .1034096
---------------------------------------------------------------------
=== official_class: num_peaceful_MM ===

Summary for variables: b_num_peaceful_MM
Group variable: official_class 

  official_class |         N      Mean       p50        SD       Min       Max
-----------------+------------------------------------------------------------
  Inc. President |         9  .0408016  1.83e-18  .1771374 -.1291681  .4740385
Non-Inc. Preside |         5  .0399549  .0053683  .0769925 -.0173077  .1704198
   Inc. Governor |         3  .3228738 -.0018138  .5959949 -.0402759  1.010711
 SCJ/Congressman |        10  .0064663  .0136636  .0969796 -.1601563  .1801693
          Others |        36 -.0280042 -.0054702  .2519533  -.525011  .6415001
-----------------+------------------------------------------------------------
           Total |        63  .0093988 -.0018138  .2426469  -.525011  1.010711
------------------------------------------------------------------------------

Mean estimation                                     Number of obs = 63

----------------------------------------------------------------------
                     |       Mean   Std. err.     [95% conf. interval]
---------------------+------------------------------------------------
 c.b_num_peaceful_MM@|
      official_class |
     Inc. President  |   .0408016   .0590458     -.0772293    .1588325
 Non-Inc. President  |   .0399549   .0344321     -.0288739    .1087837
      Inc. Governor  |   .3228738   .3440978     -.3649679    1.010716
    SCJ/Congressman  |   .0064663   .0306676     -.0548374      .06777
             Others  |  -.0280042   .0419922     -.1119454    .0559371
----------------------------------------------------------------------
=== official_class: government_response_violent ===

Summary for variables: b_government_response_violent
Group variable: official_class 

  official_class |         N      Mean       p50        SD       Min       Max
-----------------+------------------------------------------------------------
  Inc. President |         0         .         .         .         .         .
Non-Inc. Preside |         1  .0477528  .0477528         .  .0477528  .0477528
   Inc. Governor |         1  .0038395  .0038395         .  .0038395  .0038395
 SCJ/Congressman |         1 -.0652963 -.0652963         . -.0652963 -.0652963
          Others |         5  .0419645 -.0448824  .4337892 -.3784527  .5070117
-----------------+------------------------------------------------------------
           Total |         8  .0245148 -.0205215  .3302052 -.3784527  .5070117
------------------------------------------------------------------------------

Mean estimation                                               Number of obs = 8

------------------------------------------------------------------------------
                             |       Mean   Std. err.     [95% conf. interval]
-----------------------------+------------------------------------------------
                          c. |
b_government_response_viol~t@|
              official_class |
         Non-Inc. President  |   .0477528          .             .           .
              Inc. Governor  |   .0038395          .             .           .
            SCJ/Congressman  |  -.0652963          .             .           .
                     Others  |   .0419645   .1939964     -.4167642    .5006931
------------------------------------------------------------------------------

. 
. /* ============================================================
>    PLOTS BY TYPE OF OFFICIAL INVOLVED
>    Generates the jitter + box pair under both groupings (3-way and 5-way),
>    filename-suffixed with `_3cat` or `_5cat`.  The 5-way version is the
>    point of this revision (splits President by incumbency, isolates
>    Incumbent Governors -- mirrors the PDF's Tables 12/14 panels).
>    ============================================================ */
. foreach grouping in official_involved official_class {
  2. 
.         if "`grouping'" == "official_involved" {
  3.                 local suffix    = "3cat"
  4.                 local xlab      = `"1 "President" 2 "SCJ/Sec." 3 "Others""
> '
  5.                 local xmax      = 3
  6.         }
  7.         else {
  8.                 local suffix    = "5cat"
  9.                 local xlab      = `"1 "Inc. Pres" 2 "Non-Inc. Pres" 3 "Inc
> . Gov" 4 "SCJ/Cong" 5 "Others""'
 10.                 local xmax      = 5
 11.         }
 12. 
.         foreach outcome of local outcome_list {
 13. 
.                 if "`outcome'" == "num_protests_MM"             local ytitle 
> "protests (any)"
 14.                 if "`outcome'" == "num_violent_MM"              local ytit
> le "violent protests"
 15.                 if "`outcome'" == "num_peaceful_MM"             local ytit
> le "peaceful protests"
 16.                 if "`outcome'" == "government_response_violent" local ytit
> le "gvt. violent response"
 17. 
.                 /* ---- (a) jittered scatter with category mean + 95% CI over
> lay ---- */
.                 preserve
 18.                         keep if !missing(b_`outcome')
 19.                         generate double prec = 1 / se_`outcome'^2
 20.                         quietly summarize prec
 21.                         replace prec = prec / r(max)          /* normalize
>  to (0,1] */
 22. 
.                         quietly levelsof `grouping', local(cats)
 23.                         gen double cmean = .
 24.                         gen double clo   = .
 25.                         gen double chi   = .
 26.                         foreach c of local cats {
 27.                                 quietly count if `grouping' == `c'
 28.                                 if r(N) >= 2 {
 29.                                         quietly mean b_`outcome' if `group
> ing' == `c'
 30.                                         matrix mb = r(table)
 31.                                         quietly replace cmean = mb[1,1] if
>  `grouping' == `c'
 32.                                         quietly replace clo   = mb[5,1] if
>  `grouping' == `c'
 33.                                         quietly replace chi   = mb[6,1] if
>  `grouping' == `c'
 34.                                 }
 35.                         }
 36. 
.                         twoway ///
>                                 (scatter b_`outcome' `grouping' [aw=prec], //
> /
>                                         jitter(8) mcolor(navy%35) msymbol(O))
>  ///
>                                 (rcap clo chi `grouping', lcolor(black) lwidt
> h(medthick)) ///
>                                 (scatter cmean `grouping', mcolor(black) msym
> bol(D) msize(medlarge)), ///
>                                 yline(0, lpattern(dash) lcolor(gs8)) ///
>                                 ytitle("Per-scandal effect on `ytitle'") ///
>                                 xtitle("Type of official involved") ///
>                                 xlabel(`xlab', noticks labsize(small)) ///
>                                 xscale(range(0.5 `=`xmax'+0.5')) ///
>                                 ylabel(, format(%4.2f) angle(0)) ///
>                                 legend(order(3 "Category mean" 2 "95% CI" 1 "
> Per-scandal b") ///
>                                         pos(1) ring(0) region(lcolor(gs10)) s
> ize(small) cols(1)) ///
>                                 note("Each point is one scandal; marker size 
> proportional to 1/SE^2." ///
>                                         "Narrow +-`window_length'-day window.
> ") ///
>                                 scheme(s2color) graphregion(color(white))
 37.                         graph export ///
>                                 "${figout}/per_scandal_jitter_`outcome'_w`win
> dow_length'_`suffix'.pdf", ///
>                                 replace
 38.                 restore
 39. 
.                 /* ---- (b) companion box plot ---- */
.                 graph box b_`outcome', over(`grouping', label(labsize(small))
> ) ///
>                         nooutsides ///
>                         ytitle("Per-scandal effect on `ytitle'") ///
>                         ylabel(, format(%4.2f) angle(0)) ///
>                         yline(0, lpattern(dash) lcolor(gs8)) ///
>                         title("Per-scandal effect on `ytitle'", size(medium))
>  ///
>                         note("Narrow +-`window_length'-day window; outliers h
> idden.") ///
>                         scheme(s2color) graphregion(color(white))
 40.                 graph export ///
>                         "${figout}/per_scandal_box_`outcome'_w`window_length'
> _`suffix'.pdf", ///
>                         replace
 41.         }
 42. }
(101 observations deleted)
(75 real changes made)
(75 missing values generated)
(75 missing values generated)
(75 missing values generated)
file
    C:\Users\rob98/Dropbox/Corrupcion/Protest_Work/results/figures/per_scanda
    > l_jitter_num_protests_MM_w30_3cat.pdf saved as PDF format
file
    C:\Users\rob98/Dropbox/Corrupcion/Protest_Work/results/figures/per_scanda
    > l_box_num_protests_MM_w30_3cat.pdf saved as PDF format
(145 observations deleted)
(31 real changes made)
(31 missing values generated)
(31 missing values generated)
(31 missing values generated)
file
    C:\Users\rob98/Dropbox/Corrupcion/Protest_Work/results/figures/per_scanda
    > l_jitter_num_violent_MM_w30_3cat.pdf saved as PDF format
file
    C:\Users\rob98/Dropbox/Corrupcion/Protest_Work/results/figures/per_scanda
    > l_box_num_violent_MM_w30_3cat.pdf saved as PDF format
(113 observations deleted)
(63 real changes made)
(63 missing values generated)
(63 missing values generated)
(63 missing values generated)
file
    C:\Users\rob98/Dropbox/Corrupcion/Protest_Work/results/figures/per_scanda
    > l_jitter_num_peaceful_MM_w30_3cat.pdf saved as PDF format
file
    C:\Users\rob98/Dropbox/Corrupcion/Protest_Work/results/figures/per_scanda
    > l_box_num_peaceful_MM_w30_3cat.pdf saved as PDF format
(168 observations deleted)
(8 real changes made)
(8 missing values generated)
(8 missing values generated)
(8 missing values generated)
file
    C:\Users\rob98/Dropbox/Corrupcion/Protest_Work/results/figures/per_scanda
    > l_jitter_government_response_violent_w30_3cat.pdf saved as PDF format
file
    C:\Users\rob98/Dropbox/Corrupcion/Protest_Work/results/figures/per_scanda
    > l_box_government_response_violent_w30_3cat.pdf saved as PDF format
(101 observations deleted)
(75 real changes made)
(75 missing values generated)
(75 missing values generated)
(75 missing values generated)
file
    C:\Users\rob98/Dropbox/Corrupcion/Protest_Work/results/figures/per_scanda
    > l_jitter_num_protests_MM_w30_5cat.pdf saved as PDF format
file
    C:\Users\rob98/Dropbox/Corrupcion/Protest_Work/results/figures/per_scanda
    > l_box_num_protests_MM_w30_5cat.pdf saved as PDF format
(145 observations deleted)
(31 real changes made)
(31 missing values generated)
(31 missing values generated)
(31 missing values generated)
file
    C:\Users\rob98/Dropbox/Corrupcion/Protest_Work/results/figures/per_scanda
    > l_jitter_num_violent_MM_w30_5cat.pdf saved as PDF format
file
    C:\Users\rob98/Dropbox/Corrupcion/Protest_Work/results/figures/per_scanda
    > l_box_num_violent_MM_w30_5cat.pdf saved as PDF format
(113 observations deleted)
(63 real changes made)
(63 missing values generated)
(63 missing values generated)
(63 missing values generated)
file
    C:\Users\rob98/Dropbox/Corrupcion/Protest_Work/results/figures/per_scanda
    > l_jitter_num_peaceful_MM_w30_5cat.pdf saved as PDF format
file
    C:\Users\rob98/Dropbox/Corrupcion/Protest_Work/results/figures/per_scanda
    > l_box_num_peaceful_MM_w30_5cat.pdf saved as PDF format
(168 observations deleted)
(8 real changes made)
(8 missing values generated)
(8 missing values generated)
(8 missing values generated)
file
    C:\Users\rob98/Dropbox/Corrupcion/Protest_Work/results/figures/per_scanda
    > l_jitter_government_response_violent_w30_5cat.pdf saved as PDF format
file
    C:\Users\rob98/Dropbox/Corrupcion/Protest_Work/results/figures/per_scanda
    > l_box_government_response_violent_w30_5cat.pdf saved as PDF format

. 
. display in green "per_scandal_effects.do finished OK"
per_scandal_effects.do finished OK

. 
end of do-file
