
  ___  ____  ____  ____  ____ ®
 /__    /   ____/   /   ____/      StataNow 19.5
___/   /   /___/   /   /___/       MP—Parallel Edition

 Statistics and Data Science       Copyright 1985-2025 StataCorp LLC
                                   StataCorp
                                   4905 Lakeway Drive
                                   College Station, Texas 77845 USA
                                   800-782-8272        https://www.stata.com
                                   979-696-4600        service@stata.com

Stata license: Unlimited-user 16-core network, expiring  2 Jul 2026
Serial number: 501909320077
  Licensed to: Roberto Gonzalez Tellez
               Stanford University GSB

Notes:
      1. Stata is running in batch mode.
      2. Unicode is supported; see help unicode_advice.
      3. More than 2 billion observations are allowed; see help obs_advice.
      4. Maximum number of variables is set to 5,000 but can be increased;
          see help set_maxvar.

. do per_scandal_effects_apex_v2_zero.do 

. /* --------------------------------------------------------------------------
> --
>                         Violent effects of apex corruption
>         Per-scandal box / jitter plots under the v2 apex partition,
>         ZERO-IMPUTED variant.
> 
>     Code author: Roberto Gonzalez
>     Date: 2026-06-28
> 
>     Difference from per_scandal_effects_apex_v2.do:
>         Scandals whose outcome has zero within-window variation (so that
>         reghdfe cannot produce a coefficient) are entered into the box
>         plot at b_s = 0 rather than being silently dropped. The rationale
>         is that, when the country recorded zero protests of the relevant
>         type throughout the +-30-day window, the implicit per-scandal
>         effect of the scandal on that outcome IS zero -- the scandal did
>         not move a margin that was at zero to begin with. Dropping these
>         scandals from the box plot biases the visible distribution toward
>         nonzero (and typically positive) effects, since the "no movement"
>         observations are excluded.
> 
>     Apex categories (unchanged from v2):
>         1. President
>         2. Other Apex  = Governors + SC Judges (the 5 IDs:
>                           202, NEW26, NEW30, 332, NEW23)
>         3. Other Non-Apex = Other judiciary + Others + Congressmen
> 
>     Outputs (under ${work}/results/figures/):
>         per_scandal_box_<outcome>_w30_apex_v2_zero.pdf
>         per_scandal_jitter_<outcome>_w30_apex_v2_zero.pdf
>     Output (under ${work}/results/):
>         per_scandal_effects_w30_apex_v2_zero.dta
> ---------------------------------------------------------------------------- 
> */
. 
. if "`c(username)'" == "lalov" {
.         gl identity "C:/Users/lalov/ITAM Seira Research Dropbox/Eduardo River
> a"
. }

. if "`c(username)'" == "Rob_9" {
.         global identity "C:/Users/Rob_9/Dropbox"
. }

. if "`c(username)'" == "rob98" {
.         global identity "~/Dropbox"
. }

. 
. global work   "${identity}/Corrupcion/Protest_Work"

. global path   "${identity}/Corrupcion/WORKING FOLDER/Event Study - Scandals"

. global datfin "${path}/Data/final"

. global resout "${work}/results"

. global figout "${work}/results/figures"

. 
. local window_length = 30

. local outcome_list = "num_protests_MM num_violent_MM num_peaceful_MM governme
> nt_response_violent"

. local outcome_number : word count `outcome_list'

. local ci_level = 95

. local zcrit = invnormal(1 - (100-`ci_level')/200)

. 
. /* ============================================================
>    READ AND PREPARE
>    ============================================================ */
. use "${datfin}/protests_scandals_30days_v3_with_lv_of_agent_involved.dta", cl
> ear

. drop if country == "Venezuela"
(3,374 observations deleted)

. 
. keep if abs(window) <= `window_length'
(31,921 observations deleted)

. 
. egen scandal_enc = group(id)

. egen scandal_tag = tag(id)

. 
. gen double _sd = date if window == 0
(10,562 missing values generated)

. bysort scandal_enc (_sd): replace _sd = _sd[1]
(10440 real changes made)

. format _sd %td

. 
. bysort scandal_enc: egen _pm = mean(post)

. drop if _pm == 0 | _pm == 1
(0 observations deleted)

. drop _pm

. 
. quietly levelsof scandal_enc, local(slevels)

. local n_scandals : word count `slevels'

. display in yellow "Per-scandal regressions: `n_scandals' scandals x `outcome_
> number' outcomes (ZERO-IMPUTED)"
Per-scandal regressions: 176 scandals x 4 outcomes (ZERO-IMPUTED)

. 
. preserve

.         keep if scandal_tag == 1
(10,560 observations deleted)

.         keep scandal_enc id country official_involved _sd

.         rename _sd scandal_date

.         tempfile metadata

.         save `metadata'
file C:\Users\rob98\AppData\Local\Temp\ST_9354_000002.tmp saved as .dta
    format

. restore

. 
. /* ============================================================
>    PER-SCANDAL REGRESSIONS (zero-imputed)
>    ============================================================ */
. matrix define scandal_info = J(`n_scandals', 3*`outcome_number', .)

. matrix define zero_flag    = J(`n_scandals',   `outcome_number', 0)

. 
. forvalues s = 1/`n_scandals' {
  2.         local oc = 0
  3.         foreach outcome of local outcome_list {
  4.                 local ++oc
  5.                 quietly summarize `outcome' if scandal_enc == `s'
  6.                 local n_obs  = r(N)
  7.                 local sd_out = cond(r(N) > 1, r(sd), .)
  8.                 if `n_obs' > 30 {
  9.                         if `sd_out' == 0 & !missing(`sd_out') {
 10.                                 /* Outcome has zero within-window variatio
> n:
>                                    record b = 0 and leave SE missing. */
.                                 matrix scandal_info[`s', 3*`oc'-2] = 0
 11.                                 matrix scandal_info[`s', 3*`oc'-1] = .
 12.                                 matrix scandal_info[`s', 3*`oc']   = `n_ob
> s'
 13.                                 matrix zero_flag[`s', `oc']        = 1
 14.                         }
 15.                         else {
 16.                                 capture reghdfe `outcome' post if scandal_
> enc == `s', ///
>                                         absorb(month day) vce(robust)
 17.                                 if _rc == 0 & !missing(_b[post]) & _se[pos
> t] < . & _se[post] > 0 {
 18.                                         matrix scandal_info[`s', 3*`oc'-2]
>  = _b[post]
 19.                                         matrix scandal_info[`s', 3*`oc'-1]
>  = _se[post]
 20.                                         matrix scandal_info[`s', 3*`oc']  
>  = `n_obs'
 21.                                 }
 22.                         }
 23.                 }
 24.         }
 25. }

. 
. clear

. svmat scandal_info
number of observations will be reset to 176
Press any key to continue, or Break to abort
Number of observations (_N) was 0, now 176.

. svmat zero_flag, names(zflag)

. generate scandal_enc = _n

. merge 1:1 scandal_enc using `metadata', nogenerate

    Result                      Number of obs
    -----------------------------------------
    Not matched                             0
    Matched                               176  
    -----------------------------------------

. 
. local oc = 0

. foreach outcome of local outcome_list {
  2.         local ++oc
  3.         rename scandal_info`=3*`oc'-2' b_`outcome'
  4.         rename scandal_info`=3*`oc'-1' se_`outcome'
  5.         rename scandal_info`=3*`oc''   n_`outcome'
  6.         rename zflag`oc' zero_`outcome'
  7. }

. 
. /* ============================================================
>    MERGE position FROM scandals_classified.csv
>    ============================================================ */
. preserve

.         import delimited using "${datfin}/scandals_classified.csv", ///
>                 clear varnames(1) bindquotes(strict)
(encoding automatically selected: UTF-8)
(7 vars, 190 obs)

.         keep id country position political_affiliation

.         tempfile cls

.         save `cls'
file C:\Users\rob98\AppData\Local\Temp\ST_9354_000004.tmp saved as .dta
    format

. restore

. merge 1:1 id country using `cls', keep(1 3) generate(_mclass)

    Result                      Number of obs
    -----------------------------------------
    Not matched                             0
    Matched                               176  (_mclass==3)
    -----------------------------------------

. 
. /* ============================================================
>    v2 PARTITION (SC Judges + Governors in Apex; Congressmen in Non-Apex)
>    ============================================================ */
. gen byte apex_cat = .
(176 missing values generated)

. replace apex_cat = 1 if position == "president"
(45 real changes made)

. replace apex_cat = 2 if position == "governor"
(14 real changes made)

. replace apex_cat = 2 if position == "sc_judge_congressman" & ///
>         inlist(id, "202", "NEW26", "NEW30", "332", "NEW23")
(5 real changes made)

. replace apex_cat = 3 if position == "sc_judge_congressman" & ///
>         !inlist(id, "202", "NEW26", "NEW30", "332", "NEW23")
(13 real changes made)

. replace apex_cat = 3 if position == "other_judiciary"
(16 real changes made)

. replace apex_cat = 3 if position == "others"
(83 real changes made)

. 
. label define APEX 1 "President" 2 "Other Apex" 3 "Other Non-Apex", replace

. label values apex_cat APEX

. 
. order scandal_enc id country official_involved position political_affiliation
>  ///
>         apex_cat scandal_date b_* se_* n_* zero_*

. compress
  variable scandal_enc was float now int
  variable official_involved was float now byte
  variable n_num_protests_MM was float now byte
  variable n_num_violent_MM was float now byte
  variable n_num_peaceful_MM was float now byte
  variable n_government_response_violent was float now byte
  variable zero_num_protests_MM was float now byte
  variable zero_num_violent_MM was float now byte
  variable zero_num_peaceful_MM was float now byte
  variable zero_government_response_violent was float now byte
  variable scandal_date was double now int
  variable country was str44 now str18
  (10,736 bytes saved)

. save "${resout}/per_scandal_effects_w`window_length'_apex_v2_zero.dta", repla
> ce
(file
    C:\Users\rob98/Dropbox/Corrupcion/Protest_Work/results/per_scandal_effect
    > s_w30_apex_v2_zero.dta not found)
file
    ~/Dropbox/Corrupcion/Protest_Work/results/per_scandal_effects_w30_apex_v2
    > _zero.dta saved

. 
. display in result "=== Apex partition v2 (zero-imputed) ==="
=== Apex partition v2 (zero-imputed) ===

. tab apex_cat, missing

      apex_cat |      Freq.     Percent        Cum.
---------------+-----------------------------------
     President |         45       25.57       25.57
    Other Apex |         19       10.80       36.36
Other Non-Apex |        112       63.64      100.00
---------------+-----------------------------------
         Total |        176      100.00

. 
. display _newline "=== Zero-imputed counts per outcome ==="

=== Zero-imputed counts per outcome ===

. foreach outcome of local outcome_list {
  2.         quietly count if zero_`outcome' == 1
  3.         display "    `outcome': " r(N) " zero-imputed"
  4. }
    num_protests_MM: 99 zero-imputed
    num_violent_MM: 145 zero-imputed
    num_peaceful_MM: 110 zero-imputed
    government_response_violent: 168 zero-imputed

. 
. /* ============================================================
>    PLOTS: BOX AND JITTER (zero-imputed)
>    ============================================================ */
. foreach outcome of local outcome_list {
  2. 
.         if "`outcome'" == "num_protests_MM"             local ytitle "protest
> s (any)"
  3.         if "`outcome'" == "num_violent_MM"              local ytitle "viol
> ent protests"
  4.         if "`outcome'" == "num_peaceful_MM"             local ytitle "peac
> eful protests"
  5.         if "`outcome'" == "government_response_violent" local ytitle "gvt.
>  violent response"
  6. 
.         display in yellow "=== Per-scandal `outcome': by apex_cat (v2, zero-i
> mputed) ==="
  7.         tabstat b_`outcome', by(apex_cat) ///
>                 statistics(n mean p50 sd min max) columns(statistics)
  8. 
.         /* Per-category note: one row per category */
.         quietly levelsof apex_cat, local(__cats)
  9.         local med_note `""'
 10.         foreach c of local __cats {
 11.                 quietly summarize b_`outcome' if apex_cat == `c', detail
 12.                 local __mstr = string(r(p50), "%5.3f")
 13.                 quietly count if !missing(b_`outcome') & apex_cat == `c'
 14.                 local __nstr = r(N)
 15.                 local __lbl : label APEX `c'
 16.                 local med_note `"`med_note' "Median `__lbl' = `__mstr'    
>  (Scandals = `__nstr')""'
 17.         }
 18. 
.         graph box b_`outcome', over(apex_cat, label(labsize(large))) ///
>                 nooutsides ///
>                 ytitle("Per-scandal effect on `ytitle'", size(medlarge)) ///
>                 ylabel(, format(%4.2f) angle(0) labsize(large)) ///
>                 yline(0, lpattern(dash) lcolor(gs8)) ///
>                 note(`med_note', size(medlarge)) ///
>                 medtype(line) ///
>                 box(1, lcolor(black) lwidth(thick)) ///
>                 box(2, lcolor(black) lwidth(thick)) ///
>                 box(3, lcolor(black) lwidth(thick)) ///
>                 scheme(s2color) graphregion(color(white))
 19.         graph export ///
>                 "${figout}/per_scandal_box_`outcome'_w`window_length'_apex_v2
> _zero.pdf", replace
 20. 
.         /* Jittered scatter: still uses inverse-variance weighting, so the
>            zero-imputed points (SE missing) are EXCLUDED from the jitter to
>            avoid divide-by-missing. */
.         preserve
 21.                 keep if !missing(b_`outcome') & !missing(apex_cat) & !miss
> ing(se_`outcome')
 22.                 generate double prec = 1 / se_`outcome'^2
 23.                 quietly summarize prec
 24.                 replace prec = prec / r(max)
 25. 
.                 quietly levelsof apex_cat, local(cats)
 26.                 gen double cmean = .
 27.                 gen double clo   = .
 28.                 gen double chi   = .
 29.                 foreach c of local cats {
 30.                         quietly count if apex_cat == `c'
 31.                         if r(N) >= 2 {
 32.                                 quietly mean b_`outcome' if apex_cat == `c
> '
 33.                                 matrix mb = r(table)
 34.                                 quietly replace cmean = mb[1,1] if apex_ca
> t == `c'
 35.                                 quietly replace clo   = mb[5,1] if apex_ca
> t == `c'
 36.                                 quietly replace chi   = mb[6,1] if apex_ca
> t == `c'
 37.                         }
 38.                 }
 39. 
.                 twoway ///
>                         (scatter b_`outcome' apex_cat [aw=prec], ///
>                                 jitter(8) mcolor(navy%35) msymbol(O)) ///
>                         (rcap clo chi apex_cat, lcolor(black) lwidth(medthick
> )) ///
>                         (scatter cmean apex_cat, mcolor(black) msymbol(D) msi
> ze(medlarge)), ///
>                         yline(0, lpattern(dash) lcolor(gs8)) ///
>                         ytitle("Per-scandal effect on `ytitle'") ///
>                         xtitle("Apex partition (v2)") ///
>                         xlabel(1 "President" 2 "Other Apex" 3 "Other Non-Apex
> ", noticks) ///
>                         xscale(range(0.5 3.5)) ///
>                         ylabel(, format(%4.2f) angle(0)) ///
>                         legend(order(3 "Category mean" 2 "95% CI" 1 "Per-scan
> dal b") ///
>                                 pos(1) ring(0) region(lcolor(gs10)) size(smal
> l) cols(1)) ///
>                         note("Each point is one scandal; marker size proporti
> onal to 1/SE^2." ///
>                                 "Narrow +-`window_length'-day window; zero-va
> riation scandals excluded from jitter.") ///
>                         scheme(s2color) graphregion(color(white))
 40.                 graph export ///
>                         "${figout}/per_scandal_jitter_`outcome'_w`window_leng
> th'_apex_v2_zero.pdf", replace
 41.         restore
 42. }
=== Per-scandal num_protests_MM: by apex_cat (v2, zero-imputed) ===

Summary for variables: b_num_protests_MM
Group variable: apex_cat 

      apex_cat |         N      Mean       p50        SD       Min       Max
---------------+------------------------------------------------------------
     President |        45  .0387985         0  .1104767 -.0571414  .4634052
    Other Apex |        19  .0238687         0  .3128687 -.5157233  1.017755
Other Non-Apex |       110 -.0071929         0  .1630406 -.5945849  .6415001
---------------+------------------------------------------------------------
         Total |       174  .0080932         0  .1745235 -.5945849  1.017755
----------------------------------------------------------------------------
file
    C:\Users\rob98/Dropbox/Corrupcion/Protest_Work/results/figures/per_scanda
    > l_box_num_protests_MM_w30_apex_v2_zero.pdf saved as PDF format
(101 observations deleted)
(75 real changes made)
(75 missing values generated)
(75 missing values generated)
(75 missing values generated)
file
    C:\Users\rob98/Dropbox/Corrupcion/Protest_Work/results/figures/per_scanda
    > l_jitter_num_protests_MM_w30_apex_v2_zero.pdf saved as PDF format
=== Per-scandal num_violent_MM: by apex_cat (v2, zero-imputed) ===

Summary for variables: b_num_violent_MM
Group variable: apex_cat 

      apex_cat |         N      Mean       p50        SD       Min       Max
---------------+------------------------------------------------------------
     President |        45  .0261987         0  .1021657 -.0451923  .5285069
    Other Apex |        19  .0326974         0  .1868787 -.3784527  .5070117
Other Non-Apex |       112 -.0087866         0   .103802 -.6025954   .564778
---------------+------------------------------------------------------------
         Total |       176  .0046369         0  .1156339 -.6025954   .564778
----------------------------------------------------------------------------
file
    C:\Users\rob98/Dropbox/Corrupcion/Protest_Work/results/figures/per_scanda
    > l_box_num_violent_MM_w30_apex_v2_zero.pdf saved as PDF format
(145 observations deleted)
(31 real changes made)
(31 missing values generated)
(31 missing values generated)
(31 missing values generated)
file
    C:\Users\rob98/Dropbox/Corrupcion/Protest_Work/results/figures/per_scanda
    > l_jitter_num_violent_MM_w30_apex_v2_zero.pdf saved as PDF format
=== Per-scandal num_peaceful_MM: by apex_cat (v2, zero-imputed) ===

Summary for variables: b_num_peaceful_MM
Group variable: apex_cat 

      apex_cat |         N      Mean       p50        SD       Min       Max
---------------+------------------------------------------------------------
     President |        45  .0125998         0  .0812619 -.1291681  .4740385
    Other Apex |        19 -.0088287         0   .289576       -.5  1.010711
Other Non-Apex |       109  .0017695         0  .1307767  -.525011  .6415001
---------------+------------------------------------------------------------
         Total |       173  .0034227         0  .1457528  -.525011  1.010711
----------------------------------------------------------------------------
file
    C:\Users\rob98/Dropbox/Corrupcion/Protest_Work/results/figures/per_scanda
    > l_box_num_peaceful_MM_w30_apex_v2_zero.pdf saved as PDF format
(113 observations deleted)
(63 real changes made)
(63 missing values generated)
(63 missing values generated)
(63 missing values generated)
file
    C:\Users\rob98/Dropbox/Corrupcion/Protest_Work/results/figures/per_scanda
    > l_jitter_num_peaceful_MM_w30_apex_v2_zero.pdf saved as PDF format
=== Per-scandal government_response_violent: by apex_cat (v2, zero-imputed) ===

Summary for variables: b_government_response_violent
Group variable: apex_cat 

      apex_cat |         N      Mean       p50        SD       Min       Max
---------------+------------------------------------------------------------
     President |        45  .0010612         0  .0071186         0  .0477528
    Other Apex |        19  .0323443         0  .1845245 -.3784527  .5070117
Other Non-Apex |       112 -.0041623         0  .0343631  -.355997         0
---------------+------------------------------------------------------------
         Total |       176  .0011143         0  .0662393 -.3784527  .5070117
----------------------------------------------------------------------------
file
    C:\Users\rob98/Dropbox/Corrupcion/Protest_Work/results/figures/per_scanda
    > l_box_government_response_violent_w30_apex_v2_zero.pdf saved as PDF
    format
(168 observations deleted)
(8 real changes made)
(8 missing values generated)
(8 missing values generated)
(8 missing values generated)
file
    C:\Users\rob98/Dropbox/Corrupcion/Protest_Work/results/figures/per_scanda
    > l_jitter_government_response_violent_w30_apex_v2_zero.pdf saved as PDF
    format

. 
. display in green "per_scandal_effects_apex_v2_zero.do finished OK"
per_scandal_effects_apex_v2_zero.do finished OK

. 
end of do-file
