
  ___  ____  ____  ____  ____ ®
 /__    /   ____/   /   ____/      StataNow 19.5
___/   /   /___/   /   /___/       MP—Parallel Edition

 Statistics and Data Science       Copyright 1985-2025 StataCorp LLC
                                   StataCorp
                                   4905 Lakeway Drive
                                   College Station, Texas 77845 USA
                                   800-782-8272        https://www.stata.com
                                   979-696-4600        service@stata.com

Stata license: Unlimited-user 16-core network, expiring  2 Jul 2026
Serial number: 501909320077
  Licensed to: Roberto Gonzalez Tellez
               Stanford University GSB

Notes:
      1. Stata is running in batch mode.
      2. Unicode is supported; see help unicode_advice.
      3. More than 2 billion observations are allowed; see help obs_advice.
      4. Maximum number of variables is set to 5,000 but can be increased;
          see help set_maxvar.

. do per_scandal_effects_apex.do 

. /* --------------------------------------------------------------------------
> --
>                                                 Violent effects of apex corru
> ption
> 
>         Code author: Roberto Gonzalez
>         Date: 2026-05-22
> 
>         Objective:
>                 Per-scandal effect-size box / jitter plots (as in
>                 per_scandal_effects.do) with a THREE-way classification of th
> e
>                 official involved:
> 
>                     President  /  Other Apex  /  Other Non-Apex
> 
>                 built from the `position` variable in scandals_classified.csv
> :
>                     President       = position == "president"
>                     Other Apex      = position == "governor"
>                                       + congressmen (split out of the lumped
>                                         "sc_judge_congressman" category)
>                     Other Non-Apex  = position in {other_judiciary, others}
>                                       + Supreme Court judges (the other half 
> of
>                                         "sc_judge_congressman")
> 
>                 The lumped `sc_judge_congressman` category is split by scanda
> l id:
>                 Supreme Court judges -> Other Non-Apex; everyone else (congre
> ssmen)
>                 -> Other Apex.  The four SC-judge scandals were identified by
>                 reading the scandal summaries (Medina Mora MX, Moncada Luna P
> A,
>                 Sindulfo Blanco's son PY, Molina Stalling GT).
> 
>                 Scandals not in scandals_classified.csv (no `position`, 4 of 
> them)
>                 are left unclassified and drop out of the plots.
> 
>                 SELF-CONTAINED: runs the per-scandal regressions itself.
> 
>         Outputs (in ${work}/results/figures/):
>                 per_scandal_box_<outcome>_w30_apex.pdf
>                 per_scandal_jitter_<outcome>_w30_apex.pdf
>                 per_scandal_effects_w30_apex.dta
> ---------------------------------------------------------------------------- 
> */
. 
. /* ------------------- Configuration for collaborators -------------------- *
> /
. if "`c(username)'" == "lalov" {
.         gl identity "C:/Users/lalov/ITAM Seira Research Dropbox/Eduardo River
> a"
. }

. if "`c(username)'" == "Rob_9" {
.         global identity "C:/Users/Rob_9/Dropbox"
. }

. if "`c(username)'" == "rob98" {
.         global identity "~/Dropbox"
. }

. 
. global work   "${identity}/Corrupcion/Protest_Work"

. global path   "${identity}/Corrupcion/WORKING FOLDER/Event Study - Scandals"

. global datfin "${path}/Data/final"

. global resout "${work}/results"

. global figout "${work}/results/figures"

. 
. local window_length = 30

. 
. local outcome_list = "num_protests_MM num_violent_MM num_peaceful_MM governme
> nt_response_violent"

. local outcome_number : word count `outcome_list'

. 
. local ci_level = 95

. 
. /* ============================================================
>    READ AND PREPARE
>    ============================================================ */
. use "${datfin}/protests_scandals_30days_v3_with_lv_of_agent_involved.dta", cl
> ear

. drop if country == "Venezuela"
(3,374 observations deleted)

. keep if abs(window) <= `window_length'
(31,921 observations deleted)

. 
. egen scandal_enc = group(id)

. egen scandal_tag = tag(id)

. 
. gen double _sd = date if window == 0
(10,562 missing values generated)

. bysort scandal_enc (_sd): replace _sd = _sd[1]
(10440 real changes made)

. format _sd %td

. 
. bysort scandal_enc: egen _pm = mean(post)

. drop if _pm == 0 | _pm == 1
(0 observations deleted)

. drop _pm

. 
. quietly levelsof scandal_enc, local(slevels)

. local n_scandals : word count `slevels'

. display in yellow "Per-scandal regressions: `n_scandals' scandals x `outcome_
> number' outcomes"
Per-scandal regressions: 176 scandals x 4 outcomes

. 
. preserve

.         keep if scandal_tag == 1
(10,560 observations deleted)

.         keep scandal_enc id country official_involved _sd

.         rename _sd scandal_date

.         tempfile metadata

.         save `metadata'
file C:\Users\rob98\AppData\Local\Temp\ST_61c8_000002.tmp saved as .dta
    format

. restore

. 
. /* ============================================================
>    PER-SCANDAL REGRESSIONS
>    ============================================================ */
. matrix define scandal_info = J(`n_scandals', 3*`outcome_number', .)

. 
. forvalues s = 1/`n_scandals' {
  2.         local oc = 0
  3.         foreach outcome of local outcome_list {
  4.                 local ++oc
  5.                 quietly count if !missing(`outcome') & scandal_enc == `s'
  6.                 local nobs = r(N)
  7.                 if `nobs' > 30 {
  8.                         capture reghdfe `outcome' post if scandal_enc == `
> s', ///
>                                 absorb(month day) vce(robust)
  9.                         if _rc == 0 & !missing(_b[post]) & _se[post] < . &
>  _se[post] > 0 {
 10.                                 matrix scandal_info[`s', 3*`oc'-2] = _b[po
> st]
 11.                                 matrix scandal_info[`s', 3*`oc'-1] = _se[p
> ost]
 12.                                 matrix scandal_info[`s', 3*`oc']   = `nobs
> '
 13.                         }
 14.                 }
 15.         }
 16. }

. 
. clear

. svmat scandal_info
number of observations will be reset to 176
Press any key to continue, or Break to abort
Number of observations (_N) was 0, now 176.

. generate scandal_enc = _n

. merge 1:1 scandal_enc using `metadata', nogenerate

    Result                      Number of obs
    -----------------------------------------
    Not matched                             0
    Matched                               176  
    -----------------------------------------

. 
. local oc = 0

. foreach outcome of local outcome_list {
  2.         local ++oc
  3.         rename scandal_info`=3*`oc'-2' b_`outcome'
  4.         rename scandal_info`=3*`oc'-1' se_`outcome'
  5.         rename scandal_info`=3*`oc''   n_`outcome'
  6. }

. 
. /* ============================================================
>    MERGE IN position FROM scandals_classified.csv
>    ============================================================ */
. preserve

.         import delimited using "${datfin}/scandals_classified.csv", ///
>                 clear varnames(1) bindquotes(strict)
(encoding automatically selected: UTF-8)
(7 vars, 186 obs)

.         keep id country position

.         tempfile cls

.         save `cls'
file C:\Users\rob98\AppData\Local\Temp\ST_61c8_000004.tmp saved as .dta
    format

. restore

. merge 1:1 id country using `cls', keep(1 3) nogenerate

    Result                      Number of obs
    -----------------------------------------
    Not matched                             4
        from master                         4  
        from using                          0  

    Matched                               172  
    -----------------------------------------

. 
. /* ============================================================
>    THREE-WAY CLASSIFICATION: President / Other Apex / Other Non-Apex
>    ============================================================ */
. gen byte apex_cat = .
(176 missing values generated)

. replace apex_cat = 1 if position == "president"
(45 real changes made)

. replace apex_cat = 2 if position == "governor"
(14 real changes made)

. /* sc_judge_congressman: congressmen = Other Apex (default) ... */
. replace apex_cat = 2 if position == "sc_judge_congressman"
(17 real changes made)

. /* ... except the 4 Supreme Court judges -> Other Non-Apex */
. replace apex_cat = 3 if position == "sc_judge_congressman" & ///
>         inlist(id, "202", "NEW26", "NEW30", "332")
(4 real changes made)

. replace apex_cat = 3 if position == "other_judiciary"
(16 real changes made)

. replace apex_cat = 3 if position == "others"
(80 real changes made)

. /* scandals with no position (not in the CSV) keep apex_cat == . */
. 
. label define APEX 1 "President" 2 "Other Apex" 3 "Other Non-Apex", replace

. label values apex_cat APEX

. label variable apex_cat "Official involved (President / Other Apex / Other No
> n-Apex)"

. 
. order scandal_enc id country official_involved position apex_cat scandal_date
>  ///
>         b_* se_* n_*

. compress
  variable scandal_enc was float now int
  variable official_involved was float now byte
  variable n_num_protests_MM was float now byte
  variable n_num_violent_MM was float now byte
  variable n_num_peaceful_MM was float now byte
  variable n_government_response_violent was float now byte
  variable scandal_date was double now int
  variable country was str44 now str18
  (8,624 bytes saved)

. save "${resout}/per_scandal_effects_w`window_length'_apex.dta", replace
file
    ~/Dropbox/Corrupcion/Protest_Work/results/per_scandal_effects_w30_apex.dt
    > a saved

. 
. di as result "=== Classification check: position x apex_cat ==="
=== Classification check: position x apex_cat ===

. tab position apex_cat, missing

                     | Official involved (President / Other Apex /
                     |               Other Non-Apex)
            position | President  Other Ape  Other Non          . |     Total
---------------------+--------------------------------------------+----------
                     |         0          0          0          4 |         4 
            governor |         0         14          0          0 |        14 
     other_judiciary |         0          0         16          0 |        16 
              others |         0          0         80          0 |        80 
           president |        45          0          0          0 |        45 
sc_judge_congressman |         0         13          4          0 |        17 
---------------------+--------------------------------------------+----------
               Total |        45         27        100          4 |       176 

. di as result "=== Scandals by apex_cat (one row per scandal) ==="
=== Scandals by apex_cat (one row per scandal) ===

. tab apex_cat, missing

      Official |
      involved |
  (President / |
  Other Apex / |
         Other |
     Non-Apex) |      Freq.     Percent        Cum.
---------------+-----------------------------------
     President |         45       25.57       25.57
    Other Apex |         27       15.34       40.91
Other Non-Apex |        100       56.82       97.73
             . |          4        2.27      100.00
---------------+-----------------------------------
         Total |        176      100.00

. 
. /* ============================================================
>    PLOTS BY President / Other Apex / Other Non-Apex
>    ============================================================ */
. foreach outcome of local outcome_list {
  2. 
.         if "`outcome'" == "num_protests_MM"             local ytitle "protest
> s (any)"
  3.         if "`outcome'" == "num_violent_MM"              local ytitle "viol
> ent protests"
  4.         if "`outcome'" == "num_peaceful_MM"             local ytitle "peac
> eful protests"
  5.         if "`outcome'" == "government_response_violent" local ytitle "gvt.
>  violent response"
  6. 
.         display in yellow "=== Per-scandal `outcome': by apex_cat ==="
  7.         tabstat b_`outcome', by(apex_cat) ///
>                 statistics(n mean p50 sd min max) columns(statistics)
  8.         mean b_`outcome', over(apex_cat)
  9. 
.         /* ---- (a) box plot ---- */
.         /* Build per-category median note for this outcome.
>            Each category becomes its own quoted string so graph box renders
>            one median per row in the figure note. */
.         quietly levelsof apex_cat, local(__cats)
 10.         local med_note `""'
 11.         foreach c of local __cats {
 12.                 quietly summarize b_`outcome' if apex_cat == `c', detail
 13.                 local __mstr = string(r(p50), "%5.3f")
 14.                 local __lbl : label APEX `c'
 15.                 local med_note `"`med_note' "Median `__lbl': `__mstr'""'
 16.         }
 17. 
.         graph box b_`outcome', over(apex_cat, label(labsize(large))) ///
>                 nooutsides ///
>                 ytitle("Per-scandal effect on `ytitle'", size(medlarge)) ///
>                 ylabel(, format(%4.2f) angle(0) labsize(large)) ///
>                 yline(0, lpattern(dash) lcolor(gs8)) ///
>                 note(`med_note', size(medlarge)) ///
>                 medtype(line) ///
>                 box(1, lcolor(black) lwidth(thick)) ///
>                 box(2, lcolor(black) lwidth(thick)) ///
>                 box(3, lcolor(black) lwidth(thick)) ///
>                 scheme(s2color) graphregion(color(white))
 18.         graph export ///
>                 "${figout}/per_scandal_box_`outcome'_w`window_length'_apex.pd
> f", replace
 19. 
.         /* ---- (b) jittered scatter with category mean + 95% CI ---- */
.         preserve
 20.                 keep if !missing(b_`outcome') & !missing(apex_cat)
 21.                 generate double prec = 1 / se_`outcome'^2
 22.                 quietly summarize prec
 23.                 replace prec = prec / r(max)
 24. 
.                 quietly levelsof apex_cat, local(cats)
 25.                 gen double cmean = .
 26.                 gen double clo   = .
 27.                 gen double chi   = .
 28.                 foreach c of local cats {
 29.                         quietly count if apex_cat == `c'
 30.                         if r(N) >= 2 {
 31.                                 quietly mean b_`outcome' if apex_cat == `c
> '
 32.                                 matrix mb = r(table)
 33.                                 quietly replace cmean = mb[1,1] if apex_ca
> t == `c'
 34.                                 quietly replace clo   = mb[5,1] if apex_ca
> t == `c'
 35.                                 quietly replace chi   = mb[6,1] if apex_ca
> t == `c'
 36.                         }
 37.                 }
 38. 
.                 twoway ///
>                         (scatter b_`outcome' apex_cat [aw=prec], ///
>                                 jitter(8) mcolor(navy%35) msymbol(O)) ///
>                         (rcap clo chi apex_cat, lcolor(black) lwidth(medthick
> )) ///
>                         (scatter cmean apex_cat, mcolor(black) msymbol(D) msi
> ze(medlarge)), ///
>                         yline(0, lpattern(dash) lcolor(gs8)) ///
>                         ytitle("Per-scandal effect on `ytitle'") ///
>                         xtitle("Type of official involved") ///
>                         xlabel(1 "President" 2 "Other Apex" 3 "Other Non-Apex
> ", noticks labsize(small)) ///
>                         xscale(range(0.5 3.5)) ///
>                         ylabel(, format(%4.2f) angle(0)) ///
>                         legend(order(3 "Category mean" 2 "95% CI" 1 "Per-scan
> dal b") ///
>                                 pos(1) ring(0) region(lcolor(gs10)) size(smal
> l) cols(1)) ///
>                         note("Each point is one scandal; marker size proporti
> onal to 1/SE^2." ///
>                                 "Narrow +-`window_length'-day window.") ///
>                         scheme(s2color) graphregion(color(white))
 39.                 graph export ///
>                         "${figout}/per_scandal_jitter_`outcome'_w`window_leng
> th'_apex.pdf", replace
 40.         restore
 41. }
=== Per-scandal num_protests_MM: by apex_cat ===

Summary for variables: b_num_protests_MM
Group variable: apex_cat (Official involved (President / Other Apex / Other Non
> -Apex))

      apex_cat |         N      Mean       p50        SD       Min       Max
---------------+------------------------------------------------------------
     President |        17  .1027018  .0365265  .1630671 -.0571414  .4634052
    Other Apex |        15 -.0018719 -.0052102  .3893751 -.5945849  1.017755
Other Non-Apex |        41 -.0108203 -.0054335  .2519581 -.5581498  .6415001
---------------+------------------------------------------------------------
         Total |        73  .0174551  -.000574  .2700121 -.5945849  1.017755
----------------------------------------------------------------------------

Mean estimation                                             Number of obs = 73

------------------------------------------------------------------------------
                             |       Mean   Std. err.     [95% conf. interval]
-----------------------------+------------------------------------------------
c.b_num_protests_MM@apex_cat |
                  President  |   .1027018   .0395496      .0238612    .1815424
                 Other Apex  |  -.0018719   .1005362     -.2022871    .1985434
             Other Non-Apex  |  -.0108203   .0393492     -.0892616     .067621
------------------------------------------------------------------------------
file
    C:\Users\rob98/Dropbox/Corrupcion/Protest_Work/results/figures/per_scanda
    > l_box_num_protests_MM_w30_apex.pdf saved as PDF format
(103 observations deleted)
(73 real changes made)
(73 missing values generated)
(73 missing values generated)
(73 missing values generated)
file
    C:\Users\rob98/Dropbox/Corrupcion/Protest_Work/results/figures/per_scanda
    > l_jitter_num_protests_MM_w30_apex.pdf saved as PDF format
=== Per-scandal num_violent_MM: by apex_cat ===

Summary for variables: b_num_violent_MM
Group variable: apex_cat (Official involved (President / Other Apex / Other Non
> -Apex))

      apex_cat |         N      Mean       p50        SD       Min       Max
---------------+------------------------------------------------------------
     President |         7  .1684202  .0440819  .2204517 -.0451923  .5285069
    Other Apex |         9  .0020728  .0038395  .3556721 -.6025954  .5070117
Other Non-Apex |        15 -.0254335 -.0054335   .243755  -.535501   .564778
---------------+------------------------------------------------------------
         Total |        31  .0263256   .005959  .2782242 -.6025954   .564778
----------------------------------------------------------------------------

Mean estimation                                            Number of obs = 31

-----------------------------------------------------------------------------
                            |       Mean   Std. err.     [95% conf. interval]
----------------------------+------------------------------------------------
c.b_num_violent_MM@apex_cat |
                 President  |   .1684202   .0833229     -.0017479    .3385883
                Other Apex  |   .0020728   .1185574     -.2400537    .2441992
            Other Non-Apex  |  -.0254335   .0629373     -.1539686    .1031015
-----------------------------------------------------------------------------
file
    C:\Users\rob98/Dropbox/Corrupcion/Protest_Work/results/figures/per_scanda
    > l_box_num_violent_MM_w30_apex.pdf saved as PDF format
(145 observations deleted)
(31 real changes made)
(31 missing values generated)
(31 missing values generated)
(31 missing values generated)
file
    C:\Users\rob98/Dropbox/Corrupcion/Protest_Work/results/figures/per_scanda
    > l_jitter_num_violent_MM_w30_apex.pdf saved as PDF format
=== Per-scandal num_peaceful_MM: by apex_cat ===

Summary for variables: b_num_peaceful_MM
Group variable: apex_cat (Official involved (President / Other Apex / Other Non
> -Apex))

      apex_cat |         N      Mean       p50        SD       Min       Max
---------------+------------------------------------------------------------
     President |        14  .0404992  .0026841  .1453735 -.1291681  .4740385
    Other Apex |        13 -.0035948 -.0052102  .3543855       -.5  1.010711
Other Non-Apex |        34 -.0018273 -.0047639  .2362414  -.525011  .6415001
---------------+------------------------------------------------------------
         Total |        61  .0075103 -.0044748  .2464189  -.525011  1.010711
----------------------------------------------------------------------------

Mean estimation                                             Number of obs = 61

------------------------------------------------------------------------------
                             |       Mean   Std. err.     [95% conf. interval]
-----------------------------+------------------------------------------------
c.b_num_peaceful_MM@apex_cat |
                  President  |   .0404992   .0388527     -.0372178    .1182162
                 Other Apex  |  -.0035948   .0982888     -.2002018    .1930121
             Other Non-Apex  |  -.0018273   .0405151     -.0828695    .0792148
------------------------------------------------------------------------------
file
    C:\Users\rob98/Dropbox/Corrupcion/Protest_Work/results/figures/per_scanda
    > l_box_num_peaceful_MM_w30_apex.pdf saved as PDF format
(115 observations deleted)
(61 real changes made)
(61 missing values generated)
(61 missing values generated)
(61 missing values generated)
file
    C:\Users\rob98/Dropbox/Corrupcion/Protest_Work/results/figures/per_scanda
    > l_jitter_num_peaceful_MM_w30_apex.pdf saved as PDF format
=== Per-scandal government_response_violent: by apex_cat ===

Summary for variables: b_government_response_violent
Group variable: apex_cat (Official involved (President / Other Apex / Other Non
> -Apex))

      apex_cat |         N      Mean       p50        SD       Min       Max
---------------+------------------------------------------------------------
     President |         1  .0477528  .0477528         .  .0477528  .0477528
    Other Apex |         4  .1536353  .2429912  .4236148 -.3784527  .5070117
Other Non-Apex |         3 -.1553919 -.0652963  .1740287  -.355997 -.0448824
---------------+------------------------------------------------------------
         Total |         8  .0245148 -.0205215  .3302052 -.3784527  .5070117
----------------------------------------------------------------------------

Mean estimation                                               Number of obs = 8

------------------------------------------------------------------------------
                             |       Mean   Std. err.     [95% conf. interval]
-----------------------------+------------------------------------------------
                          c. |
b_government_response_viol~t@|
                    apex_cat |
                  President  |   .0477528          .             .           .
                 Other Apex  |   .1536353   .2118074     -.3472096    .6544803
             Other Non-Apex  |  -.1553919   .1004755     -.3929787     .082195
------------------------------------------------------------------------------
file
    C:\Users\rob98/Dropbox/Corrupcion/Protest_Work/results/figures/per_scanda
    > l_box_government_response_violent_w30_apex.pdf saved as PDF format
(168 observations deleted)
(8 real changes made)
(8 missing values generated)
(8 missing values generated)
(8 missing values generated)
file
    C:\Users\rob98/Dropbox/Corrupcion/Protest_Work/results/figures/per_scanda
    > l_jitter_government_response_violent_w30_apex.pdf saved as PDF format

. 
. display in green "per_scandal_effects_apex.do finished OK"
per_scandal_effects_apex.do finished OK

. 
end of do-file
