
  ___  ____  ____  ____  ____ ®
 /__    /   ____/   /   ____/      StataNow 19.5
___/   /   /___/   /   /___/       MP—Parallel Edition

 Statistics and Data Science       Copyright 1985-2025 StataCorp LLC
                                   StataCorp
                                   4905 Lakeway Drive
                                   College Station, Texas 77845 USA
                                   800-782-8272        https://www.stata.com
                                   979-696-4600        service@stata.com

Stata license: Unlimited-user 16-core network, expiring  2 Jul 2026
Serial number: 501909320077
  Licensed to: Roberto Gonzalez Tellez
               Stanford University GSB

Notes:
      1. Stata is running in batch mode.
      2. Unicode is supported; see help unicode_advice.
      3. More than 2 billion observations are allowed; see help obs_advice.
      4. Maximum number of variables is set to 5,000 but can be increased;
          see help set_maxvar.

. do per_scandal_effects_inc_vs_noninc_presi.do 

. /* --------------------------------------------------------------------------
> --
>                                                 Violent effects of apex corru
> ption
>                 Appendix figure: Incumbent vs Non-Incumbent Presidents only.
> 
>         Code author: Roberto Gonzalez
>         Date: 2026-05-29
> 
>         Objective:
>                 Per-scandal effect-size box / jitter plots restricted to the
>                 President subsample (`position == "president"` in
>                 scandals_classified.csv), split by `political_affiliation`:
>                         incumbent       (n ~ 27)
>                         non-incumbent   (opposition; n ~ 21)
>                 "different_constituency" is empty for Presidents (a President
>                 is always either incumbent or opposition).
> 
>         Method:
>                 For each scandal s, inside its narrow +-30-day country window
> ,
>                         reghdfe outcome post, absorb(month day) vce(robust)
>                 and store the Post coefficient. Then plot the distribution of
>                 those per-scandal coefficients by incumbent vs non-incumbent.
> 
>         Outputs (in ${work}/results/figures/):
>                 per_scandal_box_<outcome>_w30_incpres.pdf
>                 per_scandal_jitter_<outcome>_w30_incpres.pdf
>                 per_scandal_effects_w30_incpres.dta
> ---------------------------------------------------------------------------- 
> */
. 
. /* ------------------- Configuration for collaborators -------------------- *
> /
. if "`c(username)'" == "lalov" {
.         gl identity "C:/Users/lalov/ITAM Seira Research Dropbox/Eduardo River
> a"
. }

. if "`c(username)'" == "Rob_9" {
.         global identity "C:/Users/Rob_9/Dropbox"
. }

. if "`c(username)'" == "rob98" {
.         global identity "~/Dropbox"
. }

. 
. global work   "${identity}/Corrupcion/Protest_Work"

. global path   "${identity}/Corrupcion/WORKING FOLDER/Event Study - Scandals"

. global datfin "${path}/Data/final"

. global resout "${work}/results"

. global figout "${work}/results/figures"

. 
. local window_length = 30

. 
. local outcome_list = "num_protests_MM num_violent_MM num_peaceful_MM governme
> nt_response_violent"

. local outcome_number : word count `outcome_list'

. 
. local ci_level = 95

. local zcrit = invnormal(1 - (100-`ci_level')/200)

. 
. /* ============================================================
>    READ AND PREPARE
>    ============================================================ */
. use "${datfin}/protests_scandals_30days_v3_with_lv_of_agent_involved.dta", cl
> ear

. drop if country == "Venezuela"
(3,374 observations deleted)

. 
. keep if abs(window) <= `window_length'
(31,921 observations deleted)

. 
. egen scandal_enc = group(id)

. egen scandal_tag = tag(id)

. 
. gen double _sd = date if window == 0
(10,562 missing values generated)

. bysort scandal_enc (_sd): replace _sd = _sd[1]
(10440 real changes made)

. format _sd %td

. 
. bysort scandal_enc: egen _pm = mean(post)

. drop if _pm == 0 | _pm == 1
(0 observations deleted)

. drop _pm

. 
. quietly levelsof scandal_enc, local(slevels)

. local n_scandals : word count `slevels'

. display in yellow "Per-scandal regressions: `n_scandals' scandals x `outcome_
> number' outcomes"
Per-scandal regressions: 176 scandals x 4 outcomes

. 
. preserve

.         keep if scandal_tag == 1
(10,560 observations deleted)

.         keep scandal_enc id country official_involved _sd

.         rename _sd scandal_date

.         tempfile metadata

.         save `metadata'
file C:\Users\rob98\AppData\Local\Temp\ST_5220_000002.tmp saved as .dta
    format

. restore

. 
. /* ============================================================
>    PER-SCANDAL REGRESSIONS
>    ============================================================ */
. matrix define scandal_info = J(`n_scandals', 3*`outcome_number', .)

. 
. forvalues s = 1/`n_scandals' {
  2.         local oc = 0
  3.         foreach outcome of local outcome_list {
  4.                 local ++oc
  5.                 quietly count if !missing(`outcome') & scandal_enc == `s'
  6.                 local nobs = r(N)
  7.                 if `nobs' > 30 {
  8.                         capture reghdfe `outcome' post if scandal_enc == `
> s', ///
>                                 absorb(month day) vce(robust)
  9.                         if _rc == 0 & !missing(_b[post]) & _se[post] < . &
>  _se[post] > 0 {
 10.                                 matrix scandal_info[`s', 3*`oc'-2] = _b[po
> st]
 11.                                 matrix scandal_info[`s', 3*`oc'-1] = _se[p
> ost]
 12.                                 matrix scandal_info[`s', 3*`oc']   = `nobs
> '
 13.                         }
 14.                 }
 15.         }
 16. }

. 
. clear

. svmat scandal_info
number of observations will be reset to 176
Press any key to continue, or Break to abort
Number of observations (_N) was 0, now 176.

. generate scandal_enc = _n

. merge 1:1 scandal_enc using `metadata', nogenerate

    Result                      Number of obs
    -----------------------------------------
    Not matched                             0
    Matched                               176  
    -----------------------------------------

. 
. local oc = 0

. foreach outcome of local outcome_list {
  2.         local ++oc
  3.         rename scandal_info`=3*`oc'-2' b_`outcome'
  4.         rename scandal_info`=3*`oc'-1' se_`outcome'
  5.         rename scandal_info`=3*`oc''   n_`outcome'
  6. }

. 
. /* ============================================================
>    MERGE position + political_affiliation FROM scandals_classified.csv
>    ============================================================ */
. preserve

.         import delimited using "${datfin}/scandals_classified.csv", ///
>                 clear varnames(1) bindquotes(strict)
(encoding automatically selected: UTF-8)
(7 vars, 186 obs)

.         keep id country position political_affiliation

.         tempfile cls

.         save `cls'
file C:\Users\rob98\AppData\Local\Temp\ST_5220_000004.tmp saved as .dta
    format

. restore

. merge 1:1 id country using `cls', keep(1 3) nogenerate

    Result                      Number of obs
    -----------------------------------------
    Not matched                             4
        from master                         4  
        from using                          0  

    Matched                               172  
    -----------------------------------------

. 
. /* ============================================================
>    PRESIDENT-ONLY SUBSAMPLE,  Incumbent  vs  Non-incumbent
>    ============================================================ */
. keep if position == "president"
(131 observations deleted)

. 
. gen byte incpres = .
(45 missing values generated)

. replace incpres = 1 if political_affiliation == "incumbent"
(24 real changes made)

. replace incpres = 2 if inlist(political_affiliation, "opposition", "different
> _constituency")
(21 real changes made)

. label define INCPRES 1 "Incumbent Pres." 2 "Non-Incumbent Pres.", replace

. label values incpres INCPRES

. label variable incpres "President: incumbent vs non-incumbent"

. 
. order scandal_enc id country official_involved position political_affiliation
>  ///
>         incpres scandal_date b_* se_* n_*

. compress
  variable scandal_enc was float now int
  variable official_involved was float now byte
  variable n_num_protests_MM was float now byte
  variable n_num_violent_MM was float now byte
  variable n_num_peaceful_MM was float now byte
  variable n_government_response_violent was float now byte
  variable scandal_date was double now int
  variable id was str13 now str5
  variable country was str44 now str18
  variable position was str20 now str9
  variable political_affiliation was str22 now str10
  (3,600 bytes saved)

. save "${resout}/per_scandal_effects_w`window_length'_incpres.dta", replace
file
    ~/Dropbox/Corrupcion/Protest_Work/results/per_scandal_effects_w30_incpres
    > .dta saved

. 
. di as result "=== Presidents: Incumbent vs Non-incumbent (one row per scandal
> ) ==="
=== Presidents: Incumbent vs Non-incumbent (one row per scandal) ===

. tab incpres political_affiliation, missing

         President: |
       incumbent vs | political_affiliation
      non-incumbent | incumbent  opposit.. |     Total
--------------------+----------------------+----------
    Incumbent Pres. |        24          0 |        24 
Non-Incumbent Pres. |         0         21 |        21 
--------------------+----------------------+----------
              Total |        24         21 |        45 

. 
. /* ============================================================
>    PLOTS: BOX (no outliers) AND JITTER
>    ============================================================ */
. foreach outcome of local outcome_list {
  2. 
.         if "`outcome'" == "num_protests_MM"             local ytitle "protest
> s (any)"
  3.         if "`outcome'" == "num_violent_MM"              local ytitle "viol
> ent protests"
  4.         if "`outcome'" == "num_peaceful_MM"             local ytitle "peac
> eful protests"
  5.         if "`outcome'" == "government_response_violent" local ytitle "gvt.
>  violent response"
  6. 
.         display in yellow "=== Per-scandal `outcome': Incumbent vs Non-incumb
> ent Presidents ==="
  7.         tabstat b_`outcome', by(incpres) ///
>                 statistics(n mean p50 sd min max) columns(statistics)
  8.         mean b_`outcome', over(incpres)
  9. 
.         /* ---- (a) box plot ---- */
.         /* Build per-category median note for this outcome.
>            Each category becomes its own quoted string so graph box renders
>            one median per row in the figure note. */
.         quietly levelsof incpres, local(__cats)
 10.         local med_note `""'
 11.         foreach c of local __cats {
 12.                 quietly summarize b_`outcome' if incpres == `c', detail
 13.                 local __mstr = string(r(p50), "%5.3f")
 14.                 local __lbl : label INCPRES `c'
 15.                 local med_note `"`med_note' "Median `__lbl': `__mstr'""'
 16.         }
 17. 
.         graph box b_`outcome', over(incpres, label(labsize(large))) ///
>                 nooutsides ///
>                 ytitle("Per-scandal effect on `ytitle'", size(medlarge)) ///
>                 ylabel(, format(%4.2f) angle(0) labsize(large)) ///
>                 yline(0, lpattern(dash) lcolor(gs8)) ///
>                 note(`med_note', size(medlarge)) ///
>                 medtype(line) ///
>                 box(1, lcolor(black) lwidth(thick)) ///
>                 box(2, lcolor(black) lwidth(thick)) ///
>                 scheme(s2color) graphregion(color(white))
 18.         graph export ///
>                 "${figout}/per_scandal_box_`outcome'_w`window_length'_incpres
> .pdf", replace
 19. 
.         /* ---- (b) jittered scatter with category mean + 95% CI ---- */
.         preserve
 20.                 keep if !missing(b_`outcome') & !missing(incpres)
 21.                 generate double prec = 1 / se_`outcome'^2
 22.                 quietly summarize prec
 23.                 replace prec = prec / r(max)
 24. 
.                 quietly levelsof incpres, local(cats)
 25.                 gen double cmean = .
 26.                 gen double clo   = .
 27.                 gen double chi   = .
 28.                 foreach c of local cats {
 29.                         quietly count if incpres == `c'
 30.                         if r(N) >= 2 {
 31.                                 quietly mean b_`outcome' if incpres == `c'
 32.                                 matrix mb = r(table)
 33.                                 quietly replace cmean = mb[1,1] if incpres
>  == `c'
 34.                                 quietly replace clo   = mb[5,1] if incpres
>  == `c'
 35.                                 quietly replace chi   = mb[6,1] if incpres
>  == `c'
 36.                         }
 37.                 }
 38. 
.                 twoway ///
>                         (scatter b_`outcome' incpres [aw=prec], ///
>                                 jitter(8) mcolor(navy%35) msymbol(O)) ///
>                         (rcap clo chi incpres, lcolor(black) lwidth(medthick)
> ) ///
>                         (scatter cmean incpres, mcolor(black) msymbol(D) msiz
> e(medlarge)), ///
>                         yline(0, lpattern(dash) lcolor(gs8)) ///
>                         ytitle("Per-scandal effect on `ytitle'") ///
>                         xtitle("Political affiliation of the President") ///
>                         xlabel(1 "Incumbent" 2 "Non-incumbent", noticks) ///
>                         xscale(range(0.5 2.5)) ///
>                         ylabel(, format(%4.2f) angle(0)) ///
>                         legend(order(3 "Category mean" 2 "95% CI" 1 "Per-scan
> dal b") ///
>                                 pos(1) ring(0) region(lcolor(gs10)) size(smal
> l) cols(1)) ///
>                         note("Each point is one scandal; marker size proporti
> onal to 1/SE^2." ///
>                                 "Narrow +-`window_length'-day window; Preside
> nts only.") ///
>                         scheme(s2color) graphregion(color(white))
 39.                 graph export ///
>                         "${figout}/per_scandal_jitter_`outcome'_w`window_leng
> th'_incpres.pdf", replace
 40.         restore
 41. }
=== Per-scandal num_protests_MM: Incumbent vs Non-incumbent Presidents ===

Summary for variables: b_num_protests_MM
Group variable: incpres (President: incumbent vs non-incumbent)

         incpres |         N      Mean       p50        SD       Min       Max
-----------------+------------------------------------------------------------
 Incumbent Pres. |        12  .1288464   .050132   .184355 -.0571414  .4634052
Non-Incumbent Pr |         5  .0399549  .0053683  .0769925 -.0173077  .1704198
-----------------+------------------------------------------------------------
           Total |        17  .1027018  .0365265  .1630671 -.0571414  .4634052
------------------------------------------------------------------------------

Mean estimation                                            Number of obs = 17

-----------------------------------------------------------------------------
                            |       Mean   Std. err.     [95% conf. interval]
----------------------------+------------------------------------------------
c.b_num_protests_MM@incpres |
           Incumbent Pres.  |   .1288464   .0532187      .0160278     .241665
       Non-Incumbent Pres.  |   .0399549   .0344321     -.0330379    .1129477
-----------------------------------------------------------------------------
file
    C:\Users\rob98/Dropbox/Corrupcion/Protest_Work/results/figures/per_scanda
    > l_box_num_protests_MM_w30_incpres.pdf saved as PDF format
(28 observations deleted)
(17 real changes made)
(17 missing values generated)
(17 missing values generated)
(17 missing values generated)
file
    C:\Users\rob98/Dropbox/Corrupcion/Protest_Work/results/figures/per_scanda
    > l_jitter_num_protests_MM_w30_incpres.pdf saved as PDF format
=== Per-scandal num_violent_MM: Incumbent vs Non-incumbent Presidents ===

Summary for variables: b_num_violent_MM
Group variable: incpres (President: incumbent vs non-incumbent)

         incpres |         N      Mean       p50        SD       Min       Max
-----------------+------------------------------------------------------------
 Incumbent Pres. |         7  .1684202  .0440819  .2204517 -.0451923  .5285069
Non-Incumbent Pr |         0         .         .         .         .         .
-----------------+------------------------------------------------------------
           Total |         7  .1684202  .0440819  .2204517 -.0451923  .5285069
------------------------------------------------------------------------------

Mean estimation                                            Number of obs = 7

----------------------------------------------------------------------------
                           |       Mean   Std. err.     [95% conf. interval]
---------------------------+------------------------------------------------
c.b_num_violent_MM@incpres |
          Incumbent Pres.  |   .1684202   .0833229     -.0354636     .372304
----------------------------------------------------------------------------
file
    C:\Users\rob98/Dropbox/Corrupcion/Protest_Work/results/figures/per_scanda
    > l_box_num_violent_MM_w30_incpres.pdf saved as PDF format
(38 observations deleted)
(7 real changes made)
(7 missing values generated)
(7 missing values generated)
(7 missing values generated)
file
    C:\Users\rob98/Dropbox/Corrupcion/Protest_Work/results/figures/per_scanda
    > l_jitter_num_violent_MM_w30_incpres.pdf saved as PDF format
=== Per-scandal num_peaceful_MM: Incumbent vs Non-incumbent Presidents ===

Summary for variables: b_num_peaceful_MM
Group variable: incpres (President: incumbent vs non-incumbent)

         incpres |         N      Mean       p50        SD       Min       Max
-----------------+------------------------------------------------------------
 Incumbent Pres. |         9  .0408016  1.83e-18  .1771374 -.1291681  .4740385
Non-Incumbent Pr |         5  .0399549  .0053683  .0769925 -.0173077  .1704198
-----------------+------------------------------------------------------------
           Total |        14  .0404992  .0026841  .1453735 -.1291681  .4740385
------------------------------------------------------------------------------

Mean estimation                                            Number of obs = 14

-----------------------------------------------------------------------------
                            |       Mean   Std. err.     [95% conf. interval]
----------------------------+------------------------------------------------
c.b_num_peaceful_MM@incpres |
           Incumbent Pres.  |   .0408016   .0590458     -.0867591    .1683624
       Non-Incumbent Pres.  |   .0399549   .0344321     -.0344312    .1143409
-----------------------------------------------------------------------------
file
    C:\Users\rob98/Dropbox/Corrupcion/Protest_Work/results/figures/per_scanda
    > l_box_num_peaceful_MM_w30_incpres.pdf saved as PDF format
(31 observations deleted)
(14 real changes made)
(14 missing values generated)
(14 missing values generated)
(14 missing values generated)
file
    C:\Users\rob98/Dropbox/Corrupcion/Protest_Work/results/figures/per_scanda
    > l_jitter_num_peaceful_MM_w30_incpres.pdf saved as PDF format
=== Per-scandal government_response_violent: Incumbent vs Non-incumbent Preside
> nts ===

Summary for variables: b_government_response_violent
Group variable: incpres (President: incumbent vs non-incumbent)

         incpres |         N      Mean       p50        SD       Min       Max
-----------------+------------------------------------------------------------
 Incumbent Pres. |         0         .         .         .         .         .
Non-Incumbent Pr |         1  .0477528  .0477528         .  .0477528  .0477528
-----------------+------------------------------------------------------------
           Total |         1  .0477528  .0477528         .  .0477528  .0477528
------------------------------------------------------------------------------

Mean estimation                                               Number of obs = 1

------------------------------------------------------------------------------
                             |       Mean   Std. err.     [95% conf. interval]
-----------------------------+------------------------------------------------
                          c. |
b_government_response_viol~t@|
                     incpres |
        Non-Incumbent Pres.  |   .0477528          .             .           .
------------------------------------------------------------------------------
file
    C:\Users\rob98/Dropbox/Corrupcion/Protest_Work/results/figures/per_scanda
    > l_box_government_response_violent_w30_incpres.pdf saved as PDF format
(44 observations deleted)
(1 real change made)
(1 missing value generated)
(1 missing value generated)
(1 missing value generated)
file
    C:\Users\rob98/Dropbox/Corrupcion/Protest_Work/results/figures/per_scanda
    > l_jitter_government_response_violent_w30_incpres.pdf saved as PDF
    format

. 
. display in green "per_scandal_effects_inc_vs_noninc_presi.do finished OK"
per_scandal_effects_inc_vs_noninc_presi.do finished OK

. 
end of do-file
